<?xml version="1.0" encoding="UTF-8" ?>
<testsuite tests="1" failures="0" name="LoadABSDotStatData" time="206.931" errors="1" skipped="0">
  <properties>
[...]
</properties>
  <testcase classname="LoadABSDotStatData" name="loadALC" time="206.931">
    <error type="java.lang.NullPointerException">java.lang.NullPointerException
	at LoadABSDotStatData.loadALC(LoadABSDotStatData.java:118)
	at java.base/jdk.internal.reflect.NativeMethodAccessorImpl.invoke0(Native Method)
	at java.base/jdk.internal.reflect.NativeMethodAccessorImpl.invoke(NativeMethodAccessorImpl.java:62)
	at java.base/jdk.internal.reflect.DelegatingMethodAccessorImpl.invoke(DelegatingMethodAccessorImpl.java:43)
	at java.base/java.lang.reflect.Method.invoke(Method.java:566)
	at org.junit.runners.model.FrameworkMethod$1.runReflectiveCall(FrameworkMethod.java:50)
	at org.junit.internal.runners.model.ReflectiveCallable.run(ReflectiveCallable.java:12)
	at org.junit.runners.model.FrameworkMethod.invokeExplosively(FrameworkMethod.java:47)
	at org.junit.internal.runners.statements.InvokeMethod.evaluate(InvokeMethod.java:17)
	at org.junit.runners.ParentRunner.runLeaf(ParentRunner.java:325)
	at org.junit.runners.BlockJUnit4ClassRunner.runChild(BlockJUnit4ClassRunner.java:78)
	at org.junit.runners.BlockJUnit4ClassRunner.runChild(BlockJUnit4ClassRunner.java:57)
	at org.junit.runners.ParentRunner$3.run(ParentRunner.java:290)
	at org.junit.runners.ParentRunner$1.schedule(ParentRunner.java:71)
	at org.junit.runners.ParentRunner.runChildren(ParentRunner.java:288)
	at org.junit.runners.ParentRunner.access$000(ParentRunner.java:58)
	at org.junit.runners.ParentRunner$2.evaluate(ParentRunner.java:268)
	at org.junit.internal.runners.statements.RunBefores.evaluate(RunBefores.java:26)
	at org.junit.internal.runners.statements.RunAfters.evaluate(RunAfters.java:27)
	at org.junit.runners.ParentRunner.run(ParentRunner.java:363)
	at org.apache.maven.surefire.junit4.JUnit4Provider.execute(JUnit4Provider.java:252)
	at org.apache.maven.surefire.junit4.JUnit4Provider.executeTestSet(JUnit4Provider.java:141)
	at org.apache.maven.surefire.junit4.JUnit4Provider.invoke(JUnit4Provider.java:112)
	at java.base/jdk.internal.reflect.NativeMethodAccessorImpl.invoke0(Native Method)
	at java.base/jdk.internal.reflect.NativeMethodAccessorImpl.invoke(NativeMethodAccessorImpl.java:62)
	at java.base/jdk.internal.reflect.DelegatingMethodAccessorImpl.invoke(DelegatingMethodAccessorImpl.java:43)
	at java.base/java.lang.reflect.Method.invoke(Method.java:566)
	at org.apache.maven.surefire.util.ReflectionUtils.invokeMethodWithArray(ReflectionUtils.java:189)
	at org.apache.maven.surefire.booter.ProviderFactory$ProviderProxy.invoke(ProviderFactory.java:165)
	at org.apache.maven.surefire.booter.ProviderFactory.invokeProvider(ProviderFactory.java:85)
	at org.apache.maven.surefire.booter.ForkedBooter.runSuitesInProcess(ForkedBooter.java:115)
	at org.apache.maven.surefire.booter.ForkedBooter.main(ForkedBooter.java:75)
</error>
    <system-out>&lt;soapenv:Envelope xmlns:soapenv=&quot;http://schemas.xmlsoap.org/soap/envelope/&quot; xmlns:sdmx=&quot;http://stats.oecd.org/OECDStatWS/SDMX/&quot;&gt;&lt;soapenv:Header&gt;&lt;/soapenv:Header&gt;&lt;soapenv:Body&gt;&lt;sdmx:GetDataStructureDefinition&gt;&lt;sdmx:QueryMessage&gt;&lt;message:QueryMessage xmlns:message=&quot;http://www.SDMX.org/resources/SDMXML/schemas/v2_0/message&quot;&gt;&lt;Header xmlns=&quot;http://www.SDMX.org/resources/SDMXML/schemas/v2_0/message&quot;&gt;&lt;message:ID&gt;none&lt;/message:ID&gt;&lt;message:Test&gt;false&lt;/message:Test&gt;&lt;message:Prepared&gt;2016-08-19T00:04:18+08:00&lt;/message:Prepared&gt;&lt;message:Sender id=&quot;Sdmx-Sax&quot; /&gt;&lt;message:Receiver id=&quot;ABS&quot; /&gt;&lt;/Header&gt;&lt;message:Query&gt;&lt;query:KeyFamilyWhere xmlns:query=&quot;http://www.SDMX.org/resources/SDMXML/schemas/v2_0/query&quot;&gt;&lt;query:And /&gt;&lt;/query:KeyFamilyWhere&gt;&lt;/message:Query&gt;&lt;/message:QueryMessage&gt;&lt;/sdmx:QueryMessage&gt;&lt;/sdmx:GetDataStructureDefinition&gt;&lt;/soapenv:Body&gt;&lt;/soapenv:Envelope&gt;
Header=&lt;message:Structure xmlns=&quot;http://www.SDMX.org/resources/SDMXML/schemas/v2_0/structure&quot; xmlns:common=&quot;http://www.SDMX.org/resources/SDMXML/schemas/v2_0/common&quot; xsi:schemaLocation=&quot;http://www.SDMX.org/resources/SDMXML/schemas/v2_0/structure http://www.sdmx.org/docs/2_0/SDMXStructure.xsd http://www.SDMX.org/resources/SDMXML/schemas/v2_0/message http://www.sdmx.org/docs/2_0/SDMXMessage.xsd&quot; xmlns:xsi=&quot;http://www.w3.org/2001/XMLSchema-instance&quot; xmlns:message=&quot;http://www.SDMX.org/resources/SDMXML/schemas/v2_0/message&quot;&gt;&lt;Header xmlns=&quot;http://www.SDMX.org/resources/SDMXML/schemas/v2_0/message&quot;&gt;&lt;ID&gt;none&lt;!--Statistical usage warning
ABS.Stat beta is continuing to be developed.  Data will be updated as soon as possible following its 11:30 am release on the ABS website.
--&gt;&lt;/ID&gt;&lt;Test&gt;false&lt;/Test&gt;&lt;Truncated&gt;false&lt;/Truncated&gt;&lt;Prepared&gt;2020-03-19T13:23:01&lt;/Prepared&gt;&lt;Sender id=&quot;ABS&quot;&gt;&lt;Name xml:lang=&quot;en&quot;&gt;Australian Bureau of Statistics&lt;/Name&gt;&lt;Name xml:lang=&quot;fr&quot;&gt;Australian Bureau of Statistics&lt;/Name&gt;&lt;/Sender&gt;&lt;/Header&gt;&lt;message:KeyFamilies&gt;&lt;KeyFamily id=&quot;ATSI_BIRTHS_SUMM&quot; agencyID=&quot;ABS&quot;&gt;&lt;Name xml:lang=&quot;en&quot;&gt;Aboriginal and Torres Strait Islander births and confinements, summary, by state&lt;/Name&gt;&lt;Name xml:lang=&quot;fr&quot;&gt;Aboriginal and Torres Strait Islander births and confinements, summary, by state&lt;/Name&gt;&lt;Annotations&gt;&lt;common:Annotation&gt;&lt;common:AnnotationTitle&gt;Statistical usage warning&lt;/common:AnnotationTitle&gt;&lt;common:AnnotationText&gt;ABS.Stat beta is continuing to be developed.  Data will be updated as soon as possible following its 11:30 am release on the ABS website.&lt;/common:AnnotationText&gt;&lt;/common:Annotation&gt;&lt;/Annotations&gt;&lt;/KeyFamily&gt;&lt;KeyFamily id=&quot;ATSI_FERTILITY&quot; agencyID=&quot;ABS&quot;&gt;&lt;Name xml:lang=&quot;en&quot;&gt;Aboriginal and Torres Strait Islander fertility, by age, by state&lt;/Name&gt;&lt;Name xml:lang=&quot;fr&quot;&gt;Aboriginal and Torres Strait Islander fertility, by age, by state&lt;/Name&gt;&lt;Annotations&gt;&lt;common:Annotation&gt;&lt;common:AnnotationTitle&gt;Statistical usage warning&lt;/common:AnnotationTitle&gt;&lt;common:AnnotationText&gt;ABS.Stat beta is continuing to be developed.  Data will be updated as soon as possible following its 11:30 am release on the ABS website.&lt;/common:AnnotationText&gt;&lt;/common:Annotation&gt;&lt;/Annotations&gt;&lt;/KeyFamily&gt;&lt;KeyFamily id=&quot;ALC&quot; agencyID=&quot;ABS&quot;&gt;&lt;Name xml:lang=&quot;en&quot;&gt;Apparent Consumption of Alcohol, Australia&lt;/Name&gt;&lt;Name xml:lang=&quot;fr&quot;&gt;Apparent Consumption of Alcohol, Australia&lt;/Name&gt;&lt;Annotations&gt;&lt;common:Annotation&gt;&lt;common:AnnotationTitle&gt;Statistical usage warning&lt;/common:AnnotationTitle&gt;&lt;common:AnnotationText&gt;ABS.Stat beta is continuing to be developed.  Data will be updated as soon as possible following its 11:30 am release on the ABS website.&lt;/common:AnnotationText&gt;&lt;/common:Annotation&gt;&lt;/Annotations&gt;&lt;/KeyFamily&gt;&lt;KeyFamily id=&quot;ABS_ACLD_LFSTATUS&quot; agencyID=&quot;ABS&quot;&gt;&lt;Name xml:lang=&quot;en&quot;&gt;Australian Census Longitudinal Dataset (ACLD): Labour force status, 2006-2011&lt;/Name&gt;&lt;Name xml:lang=&quot;fr&quot;&gt;Australian Census Longitudinal Dataset (ACLD): Labour force status, 2006-2011&lt;/Name&gt;&lt;Annotations&gt;&lt;common:Annotation&gt;&lt;common:AnnotationTitle&gt;Statistical usage warning&lt;/common:AnnotationTitle&gt;&lt;common:AnnotationText&gt;ABS.Stat beta is continuing to be developed.  Data will be updated as soon as possible following its 11:30 am release on the ABS website.&lt;/common:AnnotationText&gt;&lt;/common:Annotation&gt;&lt;/Annotations&gt;&lt;/KeyFamily&gt;&lt;KeyFamily id=&quot;ABS_ACLD_TENURE&quot; agencyID=&quot;ABS&quot;&gt;&lt;Name xml:lang=&quot;en&quot;&gt;Australian Census Longitudinal Dataset (ACLD): Tenure and landlord type, 2006-2011&lt;/Name&gt;&lt;Name xml:lang=&quot;fr&quot;&gt;Australian Census Longitudinal Dataset (ACLD): Tenure and landlord type, 2006-2011&lt;/Name&gt;&lt;Annotations&gt;&lt;common:Annotation&gt;&lt;common:AnnotationTitle&gt;Statistical usage warning&lt;/common:AnnotationTitle&gt;&lt;common:AnnotationText&gt;ABS.Stat beta is continuing to be developed.  Data will be updated as soon as possible following its 11:30 am release on the ABS website.&lt;/common:AnnotationText&gt;&lt;/common:Annotation&gt;&lt;/Annotations&gt;&lt;/KeyFamily&gt;&lt;KeyFamily id=&quot;ABS_ACLD_UNPAIDASST&quot; agencyID=&quot;ABS&quot;&gt;&lt;Name xml:lang=&quot;en&quot;&gt;Australian Census Longitudinal Dataset (ACLD): Unpaid assistance to a person with disability, 2006-2011&lt;/Name&gt;&lt;Name xml:lang=&quot;fr&quot;&gt;Australian Census Longitudinal Dataset (ACLD): Unpaid assistance to a person with disability, 2006-2011&lt;/Name&gt;&lt;Annotations&gt;&lt;common:Annotation&gt;&lt;common:AnnotationTitle&gt;Statistical usage warning&lt;/common:AnnotationTitle&gt;&lt;common:AnnotationText&gt;ABS.Stat beta is continuing to be developed.  Data will be updated as soon as possible following its 11:30 am release on the ABS website.&lt;/common:AnnotationText&gt;&lt;/common:Annotation&gt;&lt;/Annotations&gt;&lt;/KeyFamily&gt;&lt;KeyFamily id=&quot;ABS_ACLD_VOLWORK&quot; agencyID=&quot;ABS&quot;&gt;&lt;Name xml:lang=&quot;en&quot;&gt;Australian Census Longitudinal Dataset (ACLD): Voluntary work for an organisation or group, 2006-2011&lt;/Name&gt;&lt;Name xml:lang=&quot;fr&quot;&gt;Australian Census Longitudinal Dataset (ACLD): Voluntary work for an organisation or group, 2006-2011&lt;/Name&gt;&lt;Annotations&gt;&lt;common:Annotation&gt;&lt;common:AnnotationTitle&gt;Statistical usage warning&lt;/common:AnnotationTitle&gt;&lt;common:AnnotationText&gt;ABS.Stat beta is continuing to be developed.  Data will be updated as soon as possible following its 11:30 am release on the ABS website.&lt;/common:AnnotationText&gt;&lt;/common:Annotation&gt;&lt;/Annotations&gt;&lt;/KeyFamily&gt;&lt;KeyFamily id=&quot;AMLPS_PART_2017&quot; agencyID=&quot;ABS&quot;&gt;&lt;Name xml:lang=&quot;en&quot;&gt;Australian Marriage Law Postal Survey 2017 - Participation&lt;/Name&gt;&lt;Name xml:lang=&quot;fr&quot;&gt;Australian Marriage Law Postal Survey 2017 - Participation&lt;/Name&gt;&lt;Annotations&gt;&lt;common:Annotation&gt;&lt;common:AnnotationTitle&gt;Statistical usage warning&lt;/common:AnnotationTitle&gt;&lt;common:AnnotationText&gt;ABS.Stat beta is continuing to be developed.  Data will be updated as soon as possible following its 11:30 am release on the ABS website.&lt;/common:AnnotationText&gt;&lt;/common:Annotation&gt;&lt;/Annotations&gt;&lt;/KeyFamily&gt;&lt;KeyFamily id=&quot;AMLPS_RESP_2017&quot; agencyID=&quot;ABS&quot;&gt;&lt;Name xml:lang=&quot;en&quot;&gt;Australian Marriage Law Postal Survey 2017 - Response&lt;/Name&gt;&lt;Name xml:lang=&quot;fr&quot;&gt;Australian Marriage Law Postal Survey 2017 - Response&lt;/Name&gt;&lt;Annotations&gt;&lt;common:Annotation&gt;&lt;common:AnnotationTitle&gt;Statistical usage warning&lt;/common:AnnotationTitle&gt;&lt;common:AnnotationText&gt;ABS.Stat beta is continuing to be developed.  Data will be updated as soon as possible following its 11:30 am release on the ABS website.&lt;/common:AnnotationText&gt;&lt;/common:Annotation&gt;&lt;/Annotations&gt;&lt;/KeyFamily&gt;&lt;KeyFamily id=&quot;ABS_CENSUS2011_B01&quot; agencyID=&quot;ABS&quot;&gt;&lt;Name xml:lang=&quot;en&quot;&gt;B01 Selected Person Characteristics&lt;/Name&gt;&lt;Name xml:lang=&quot;fr&quot;&gt;B01 Selected Person Characteristics&lt;/Name&gt;&lt;Annotations&gt;&lt;common:Annotation&gt;&lt;common:AnnotationTitle&gt;Statistical usage warning&lt;/common:AnnotationTitle&gt;&lt;common:AnnotationText&gt;ABS.Stat beta is continuing to be developed.  Data will be updated as soon as possible following its 11:30 am release on the ABS website.&lt;/common:AnnotationText&gt;&lt;/common:Annotation&gt;&lt;/Annotations&gt;&lt;/KeyFamily&gt;&lt;KeyFamily id=&quot;ABS_CENSUS2011_B01_LGA&quot; agencyID=&quot;ABS&quot;&gt;&lt;Name xml:lang=&quot;en&quot;&gt;B01 Selected Person Characteristics (LGA)&lt;/Name&gt;&lt;Name xml:lang=&quot;fr&quot;&gt;B01 Selected Person Characteristics (LGA)&lt;/Name&gt;&lt;Annotations&gt;&lt;common:Annotation&gt;&lt;common:AnnotationTitle&gt;Statistical usage warning&lt;/common:AnnotationTitle&gt;&lt;common:AnnotationText&gt;ABS.Stat beta is continuing to be developed.  Data will be updated as soon as possible following its 11:30 am release on the ABS website.&lt;/common:AnnotationText&gt;&lt;/common:Annotation&gt;&lt;/Annotations&gt;&lt;/KeyFamily&gt;&lt;KeyFamily id=&quot;ABS_CENSUS2011_B01_SA1_SA&quot; agencyID=&quot;ABS&quot;&gt;&lt;Name xml:lang=&quot;en&quot;&gt;B01 Selected Person Characteristics(SA1 SA)&lt;/Name&gt;&lt;Name xml:lang=&quot;fr&quot;&gt;B01 Selected Person Characteristics(SA1 SA)&lt;/Name&gt;&lt;Annotations&gt;&lt;common:Annotation&gt;&lt;common:AnnotationTitle&gt;Statistical usage warning&lt;/common:AnnotationTitle&gt;&lt;common:AnnotationText&gt;ABS.Stat beta is continuing to be developed.  Data will be updated as soon as possible following its 11:30 am release on the ABS website.&lt;/common:AnnotationText&gt;&lt;/common:Annotation&gt;&lt;/Annotations&gt;&lt;/KeyFamily&gt;&lt;KeyFamily id=&quot;ABS_CENSUS2011_B02&quot; agencyID=&quot;ABS&quot;&gt;&lt;Name xml:lang=&quot;en&quot;&gt;B02 Selected Medians and Averages&lt;/Name&gt;&lt;Name xml:lang=&quot;fr&quot;&gt;B02 Selected Medians and Averages&lt;/Name&gt;&lt;Annotations&gt;&lt;common:Annotation&gt;&lt;common:AnnotationTitle&gt;Statistical usage warning&lt;/common:AnnotationTitle&gt;&lt;common:AnnotationText&gt;ABS.Stat beta is continuing to be develo
&lt;soapenv:Envelope xmlns:soapenv=&quot;http://schemas.xmlsoap.org/soap/envelope/&quot; xmlns:sdmx=&quot;http://stats.oecd.org/OECDStatWS/SDMX/&quot;&gt;&lt;soapenv:Header/&gt;&lt;soapenv:Body&gt;&lt;sdmx:GetDataStructureDefinition&gt;&lt;!--Optional:--&gt;&lt;sdmx:QueryMessage&gt;&lt;message:QueryMessage xsi:schemaLocation=&quot;http://www.SDMX.org/resources/SDMXML/schemas/v2_0/queryhttp://www.sdmx.org/docs/2_0/SDMXQuery.xsd http://www.SDMX.org/resources/SDMXML/schemas/v2_0/message http://www.sdmx.org/docs/2_0/SDMXMessage.xsd&quot; xmlns=&quot;http://www.SDMX.org/resources/SDMXML/schemas/v2_0/query&quot; xmlns:message=&quot;http://www.SDMX.org/resources/SDMXML/schemas/v2_0/message&quot; xmlns:xsi=&quot;http://www.w3.org/2001/XMLSchema-instance&quot;&gt;&lt;Header xmlns=&quot;http://www.SDMX.org/resources/SDMXML/schemas/v2_0/message&quot;&gt;&lt;ID&gt;none&lt;/ID&gt;&lt;Test&gt;false&lt;/Test&gt;&lt;Prepared&gt;2012-06-01T09:33:53&lt;/Prepared&gt;&lt;Sender id=&quot;YourID&quot;&gt;&lt;Name xml:lang=&quot;en&quot;&gt;Your English Name&lt;/Name&gt;&lt;/Sender&gt;&lt;Receiver id=&quot;ABS&quot;&gt;&lt;Name xml:lang=&quot;en&quot;&gt;Australian Bureau of Statistics&lt;/Name&gt;&lt;Name xml:lang=&quot;fr&quot;&gt;Australian Bureau of Statistics&lt;/Name&gt;&lt;/Receiver&gt;&lt;/Header&gt;&lt;message:Query&gt;&lt;KeyFamilyWhere&gt;&lt;Or&gt;&lt;KeyFamily&gt;ATSI_BIRTHS_SUMM&lt;/KeyFamily&gt;&lt;/Or&gt;&lt;/KeyFamilyWhere&gt;&lt;/message:Query&gt;&lt;/message:QueryMessage&gt;&lt;/sdmx:QueryMessage&gt;&lt;/sdmx:GetDataStructureDefinition&gt;&lt;/soapenv:Body&gt;&lt;/soapenv:Envelope&gt;
Header=&lt;message:Structure xmlns=&quot;http://www.SDMX.org/resources/SDMXML/schemas/v2_0/structure&quot; xmlns:common=&quot;http://www.SDMX.org/resources/SDMXML/schemas/v2_0/common&quot; xsi:schemaLocation=&quot;http://www.SDMX.org/resources/SDMXML/schemas/v2_0/structure http://www.sdmx.org/docs/2_0/SDMXStructure.xsd http://www.SDMX.org/resources/SDMXML/schemas/v2_0/message http://www.sdmx.org/docs/2_0/SDMXMessage.xsd&quot; xmlns:xsi=&quot;http://www.w3.org/2001/XMLSchema-instance&quot; xmlns:message=&quot;http://www.SDMX.org/resources/SDMXML/schemas/v2_0/message&quot;&gt;&lt;Header xmlns=&quot;http://www.SDMX.org/resources/SDMXML/schemas/v2_0/message&quot;&gt;&lt;ID&gt;none&lt;!--Statistical usage warning
ABS.Stat beta is continuing to be developed.  Data will be updated as soon as possible following its 11:30 am release on the ABS website.
--&gt;&lt;/ID&gt;&lt;Test&gt;false&lt;/Test&gt;&lt;Truncated&gt;false&lt;/Truncated&gt;&lt;Prepared&gt;2020-03-19T13:23:04&lt;/Prepared&gt;&lt;Sender id=&quot;ABS&quot;&gt;&lt;Name xml:lang=&quot;en&quot;&gt;Australian Bureau of Statistics&lt;/Name&gt;&lt;Name xml:lang=&quot;fr&quot;&gt;Australian Bureau of Statistics&lt;/Name&gt;&lt;/Sender&gt;&lt;/Header&gt;&lt;message:CodeLists&gt;&lt;CodeList id=&quot;CL_ATSI_BIRTHS_SUMM_MEASURE&quot; agencyID=&quot;ABS&quot;&gt;&lt;Name xml:lang=&quot;en&quot;&gt;Measure&lt;/Name&gt;&lt;Name xml:lang=&quot;fr&quot;&gt;Measure&lt;/Name&gt;&lt;Code value=&quot;1&quot;&gt;&lt;Description xml:lang=&quot;en&quot;&gt;Births&lt;/Description&gt;&lt;Description xml:lang=&quot;fr&quot;&gt;Births&lt;/Description&gt;&lt;/Code&gt;&lt;Code value=&quot;4&quot;&gt;&lt;Description xml:lang=&quot;en&quot;&gt;Male births&lt;/Description&gt;&lt;Description xml:lang=&quot;fr&quot;&gt;Male births&lt;/Description&gt;&lt;/Code&gt;&lt;Code value=&quot;5&quot;&gt;&lt;Description xml:lang=&quot;en&quot;&gt;Female births&lt;/Description&gt;&lt;Description xml:lang=&quot;fr&quot;&gt;Female births&lt;/Description&gt;&lt;/Code&gt;&lt;Code value=&quot;7&quot;&gt;&lt;Description xml:lang=&quot;en&quot;&gt;Nuptial births&lt;/Description&gt;&lt;Description xml:lang=&quot;fr&quot;&gt;Nuptial births&lt;/Description&gt;&lt;/Code&gt;&lt;Code value=&quot;8&quot;&gt;&lt;Description xml:lang=&quot;en&quot;&gt;Ex-nuptial births&lt;/Description&gt;&lt;Description xml:lang=&quot;fr&quot;&gt;Ex-nuptial births&lt;/Description&gt;&lt;/Code&gt;&lt;Code value=&quot;9&quot;&gt;&lt;Description xml:lang=&quot;en&quot;&gt;Ex-nuptial, paternity acknowledged births&lt;/Description&gt;&lt;Description xml:lang=&quot;fr&quot;&gt;Ex-nuptial, paternity acknowledged births&lt;/Description&gt;&lt;/Code&gt;&lt;Code value=&quot;10&quot;&gt;&lt;Description xml:lang=&quot;en&quot;&gt;Ex-nuptial, paternity not acknowledged births&lt;/Description&gt;&lt;Description xml:lang=&quot;fr&quot;&gt;Ex-nuptial, paternity not acknowledged births&lt;/Description&gt;&lt;/Code&gt;&lt;Code value=&quot;13&quot;&gt;&lt;Description xml:lang=&quot;en&quot;&gt;Confinements&lt;/Description&gt;&lt;Description xml:lang=&quot;fr&quot;&gt;Confinements&lt;/Description&gt;&lt;/Code&gt;&lt;Code value=&quot;14&quot;&gt;&lt;Description xml:lang=&quot;en&quot;&gt;Median age of mother&lt;/Description&gt;&lt;Description xml:lang=&quot;fr&quot;&gt;Median age of mother&lt;/Description&gt;&lt;/Code&gt;&lt;Code value=&quot;15&quot;&gt;&lt;Description xml:lang=&quot;en&quot;&gt;Median age of father&lt;/Description&gt;&lt;Description xml:lang=&quot;fr&quot;&gt;Median age of father&lt;/Description&gt;&lt;/Code&gt;&lt;Code value=&quot;18&quot;&gt;&lt;Description xml:lang=&quot;en&quot;&gt;Births where both parents are Aboriginal or Torres Strait Islander&lt;/Description&gt;&lt;Description xml:lang=&quot;fr&quot;&gt;Births where both are parents Aboriginal or Torres Strait Islander&lt;/Description&gt;&lt;/Code&gt;&lt;Code value=&quot;19&quot;&gt;&lt;Description xml:lang=&quot;en&quot;&gt;Births where only mother is Aboriginal or Torres Strait Islander&lt;/Description&gt;&lt;Description xml:lang=&quot;fr&quot;&gt;Births where only mother is Aboriginal or Torres Strait Islander&lt;/Description&gt;&lt;/Code&gt;&lt;Code value=&quot;20&quot;&gt;&lt;Description xml:lang=&quot;en&quot;&gt;Births where only father is Aboriginal or Torres Strait Islander&lt;/Description&gt;&lt;Description xml:lang=&quot;fr&quot;&gt;Births where only father is Aboriginal or Torres Strait Islander&lt;/Description&gt;&lt;/Code&gt;&lt;/CodeList&gt;&lt;CodeList id=&quot;CL_ATSI_BIRTHS_SUMM_INDIGENOUS_STATUS&quot; agencyID=&quot;ABS&quot;&gt;&lt;Name xml:lang=&quot;en&quot;&gt;Indigenous status&lt;/Name&gt;&lt;Name xml:lang=&quot;fr&quot;&gt;Indigenous status&lt;/Name&gt;&lt;Code value=&quot;IM&quot;&gt;&lt;Description xml:lang=&quot;en&quot;&gt;Births to Aboriginal and Torres Strait Islander mothers&lt;/Description&gt;&lt;Description xml:lang=&quot;fr&quot;&gt;Births to Aboriginal and Torres Strait Islander mothers&lt;/Description&gt;&lt;/Code&gt;&lt;Code value=&quot;IB&quot;&gt;&lt;Description xml:lang=&quot;en&quot;&gt;Aboriginal and Torres Strait Islander births&lt;/Description&gt;&lt;Description xml:lang=&quot;fr&quot;&gt;Aboriginal and Torres Strait Islander births&lt;/Description&gt;&lt;/Code&gt;&lt;/CodeList&gt;&lt;CodeList id=&quot;CL_ATSI_BIRTHS_SUMM_ASGS_2011&quot; agencyID=&quot;ABS&quot;&gt;&lt;Name xml:lang=&quot;en&quot;&gt;Region&lt;/Name&gt;&lt;Name xml:lang=&quot;fr&quot;&gt;Region&lt;/Name&gt;&lt;Code value=&quot;0&quot;&gt;&lt;Description xml:lang=&quot;en&quot;&gt;Australia&lt;/Description&gt;&lt;Description xml:lang=&quot;fr&quot;&gt;Australia&lt;/Description&gt;&lt;/Code&gt;&lt;Code value=&quot;1&quot; parentCode=&quot;0&quot;&gt;&lt;Description xml:lang=&quot;en&quot;&gt;New South Wales&lt;/Description&gt;&lt;Description xml:lang=&quot;fr&quot;&gt;New South Wales&lt;/Description&gt;&lt;/Code&gt;&lt;Code value=&quot;2&quot; parentCode=&quot;0&quot;&gt;&lt;Description xml:lang=&quot;en&quot;&gt;Victoria&lt;/Description&gt;&lt;Description xml:lang=&quot;fr&quot;&gt;Victoria&lt;/Description&gt;&lt;/Code&gt;&lt;Code value=&quot;3&quot; parentCode=&quot;0&quot;&gt;&lt;Description xml:lang=&quot;en&quot;&gt;Queensland&lt;/Description&gt;&lt;Description xml:lang=&quot;fr&quot;&gt;Queensland&lt;/Description&gt;&lt;/Code&gt;&lt;Code value=&quot;4&quot; parentCode=&quot;0&quot;&gt;&lt;Description xml:lang=&quot;en&quot;&gt;South Australia&lt;/Description&gt;&lt;Description xml:lang=&quot;fr&quot;&gt;South Australia&lt;/Description&gt;&lt;/Code&gt;&lt;Code value=&quot;5&quot; parentCode=&quot;0&quot;&gt;&lt;Description xml:lang=&quot;en&quot;&gt;Western Australia&lt;/Description&gt;&lt;Description xml:lang=&quot;fr&quot;&gt;Western Australia&lt;/Description&gt;&lt;/Code&gt;&lt;Code value=&quot;6&quot; parentCode=&quot;0&quot;&gt;&lt;Description xml:lang=&quot;en&quot;&gt;Tasmania&lt;/Description&gt;&lt;Description xml:lang=&quot;fr&quot;&gt;Tasmania&lt;/Description&gt;&lt;/Code&gt;&lt;Code value=&quot;7&quot; parentCode=&quot;0&quot;&gt;&lt;Description xml:lang=&quot;en&quot;&gt;Northern Territory&lt;/Description&gt;&lt;Description xml:lang=&quot;fr&quot;&gt;Northern Territory&lt;/Description&gt;&lt;/Code&gt;&lt;/CodeList&gt;&lt;CodeList id=&quot;CL_ATSI_BIRTHS_SUMM_FREQUENCY&quot; agencyID=&quot;ABS&quot;&gt;&lt;Name xml:lang=&quot;en&quot;&gt;Frequency&lt;/Name&gt;&lt;Name xml:lang=&quot;fr&quot;&gt;Fréquence&lt;/Name&gt;&lt;Code value=&quot;A&quot;&gt;&lt;Description xml:lang=&quot;en&quot;&gt;Annual&lt;/Description&gt;&lt;Description xml:lang=&quot;fr&quot;&gt;Annuelle&lt;/Description&gt;&lt;/Code&gt;&lt;/CodeList&gt;&lt;CodeList id=&quot;CL_ATSI_BIRTHS_SUMM_TIME&quot; agencyID=&quot;ABS&quot;&gt;&lt;Name xml:lang=&quot;en&quot;&gt;Time&lt;/Name&gt;&lt;Name xml:lang=&quot;fr&quot;&gt;Temps&lt;/Name&gt;&lt;Code value=&quot;2001&quot;&gt;&lt;Description xml:lang=&quot;en&quot;&gt;2001&lt;/Description&gt;&lt;Description xml:lang=&quot;fr&quot;&gt;2001&lt;/Description&gt;&lt;/Code&gt;&lt;Code value=&quot;2002&quot;&gt;&lt;Description xml:lang=&quot;en&quot;&gt;2002&lt;/Description&gt;&lt;Description xml:lang=&quot;fr&quot;&gt;2002&lt;/Description&gt;&lt;/Code&gt;&lt;Code value=&quot;2003&quot;&gt;&lt;Description xml:lang=&quot;en&quot;&gt;2003&lt;/Description&gt;&lt;Description xml:lang=&quot;fr&quot;&gt;2003&lt;/Description&gt;&lt;/Code&gt;&lt;Code value=&quot;2004&quot;&gt;&lt;Description xml:lang=&quot;en&quot;&gt;2004&lt;/Description&gt;&lt;Description xml:lang=&quot;fr&quot;&gt;2004&lt;/Description&gt;&lt;/Code&gt;&lt;Code value=&quot;2005&quot;&gt;&lt;Description xml:lang=&quot;en&quot;&gt;2005&lt;/Description&gt;&lt;Description xml:lang=&quot;fr&quot;&gt;2005&lt;/Description&gt;&lt;/Code&gt;&lt;Code value=&quot;2006&quot;&gt;&lt;Description xml:lang=&quot;en&quot;&gt;2006&lt;/Description&gt;&lt;Description xml:lang=&quot;fr&quot;&gt;2006&lt;/Description&gt;&lt;/Code&gt;&lt;Code value=&quot;2007&quot;&gt;&lt;Description xml:lang=&quot;en&quot;&gt;2007&lt;/Description&gt;&lt;Description xml:lang=&quot;fr&quot;&gt;2007&lt;/Description&gt;&lt;/Code&gt;&lt;Code value=&quot;2008&quot;&gt;&lt;Description xml:lang=&quot;en&quot;&gt;2008&lt;/Description&gt;&lt;Description xml:lang=&quot;fr&quot;&gt;2008&lt;/Description&gt;&lt;/Code&gt;&lt;Code value=&quot;2009&quot;&gt;&lt;Description xml:lang=&quot;en&quot;&gt;2009&lt;/Description&gt;&lt;Description xml:lang=&quot;fr&quot;&gt;2009&lt;/Description&gt;&lt;/Code&gt;&lt;Code value=&quot;2010&quot;&gt;&lt;Description xml:lang=&quot;en&quot;&gt;2010&lt;/Description&gt;&lt;Description xml:lang=&quot;fr&quot;&gt;2010&lt;/Description&gt;&lt;/Code&gt;&lt;Code value=&quot;2011&quot;&gt;&lt;Description xml:lang=&quot;en&quot;&gt;2011&lt;/Description&gt;&lt;Description xml:lang=&quot;fr&quot;&gt;2011&lt;/Description&gt;&lt;/Code&gt;&lt;Code value=&quot;2012&quot;&gt;&lt;Description xml:lang=&quot;en&quot;&gt;2012&lt;/Description&gt;&lt;Description xml:lang=&quot;fr&quot;&gt;2012&lt;/Description&gt;&lt;/Code&gt;&lt;Code value=&quot;2013&quot;&gt;&lt;Description xml:lang=&quot;en&quot;&gt;2013&lt;/Description&gt;&lt;Description xml:lang=&quot;fr&quot;&gt;2013&lt;/Description&gt;&lt;/Code&gt;&lt;Code value=&quot;2014&quot;&gt;&lt;Description xml:lang=&quot;en&quot;&gt;2014&lt;/Description&gt;&lt;Description xml:lang=&quot;fr&quot;&gt;2014&lt;/Description&gt;&lt;/Code&gt;&lt;Code value=&quot;2015&quot;&gt;&lt;Description xml:lang=&quot;en&quot;&gt;2015&lt;/Description&gt;&lt;Description xml:lang=&quot;fr&quot;&gt;2015&lt;/Description&gt;&lt;/Code&gt;&lt;Code value=&quot;2016&quot;&gt;&lt;Description xml:lang=&quot;en&quot;&gt;2016&lt;/Description&gt;&lt;Description xml:lang=&quot;fr&quot;&gt;2016&lt;/Description&gt;&lt;/Code&gt;&lt;Code value=&quot;2017&quot;&gt;&lt;Description xml:lang=&quot;en&quot;&gt;2017&lt;/Description&gt;&lt;Description xml:lang=&quot;fr&quot;&gt;2017&lt;/Description&gt;&lt;/Code&gt;&lt;Code value=&quot;2018&quot;&gt;&lt;Description xml:lang=&quot;en&quot;&gt;2018&lt;/Description&gt;&lt;Description xml:lang=&quot;fr&quot;&gt;2018&lt;/Description&gt;&lt;/Code&gt;&lt;/CodeList&gt;&lt;CodeList id=&quot;CL_ATSI_BIRTHS_SUMM_OBS_STATUS&quot; agencyID=&quot;ABS&quot;&gt;&lt;Name xml:lang=&quot;en&quot;&gt;Observation Status&lt;/Name&gt;&lt;/CodeList&gt;&lt;CodeList id=&quot;CL_ATSI_BIRTHS_SUMM_UNIT&quot; agencyID=&quot;ABS&quot;&gt;&lt;Name xml:lang=&quot;en&quot;&gt;ATSI_BIRTHS_SUMM_UNIT codelist&lt;/Name&gt;&lt;Code value=&quot;AED&quot; parentCode=&quot;AED&quot;&gt;&lt;Description xml:lang=&quot;en&quot;&gt;UAE Dirham&lt;/Description&gt;&lt;Description xml:lang=&quot;fr&quot;&gt;Dirham des Émirats arabes unis&lt;/Description&gt;&lt;/Code&gt;&lt;Code value=&quot;AFA&quot; parentCode=&quot;AFA&quot;&gt;&lt;Description xml:lang=&quot;en&quot;&gt;Afghani&lt;/Description&gt;&lt;Description xml:lang=&quot;fr&quot;&gt;Afghani&lt;/Description&gt;&lt;
Input 1 does not match Pattern:[A-z][A-z0-9_\-]* for class:NCNameID
Input 4 does not match Pattern:[A-z][A-z0-9_\-]* for class:NCNameID
Input 5 does not match Pattern:[A-z][A-z0-9_\-]* for class:NCNameID
Input 7 does not match Pattern:[A-z][A-z0-9_\-]* for class:NCNameID
Input 8 does not match Pattern:[A-z][A-z0-9_\-]* for class:NCNameID
Input 9 does not match Pattern:[A-z][A-z0-9_\-]* for class:NCNameID
Input 10 does not match Pattern:[A-z][A-z0-9_\-]* for class:NCNameID
Input 13 does not match Pattern:[A-z][A-z0-9_\-]* for class:NCNameID
Input 14 does not match Pattern:[A-z][A-z0-9_\-]* for class:NCNameID
Input 15 does not match Pattern:[A-z][A-z0-9_\-]* for class:NCNameID
Input 18 does not match Pattern:[A-z][A-z0-9_\-]* for class:NCNameID
Input 19 does not match Pattern:[A-z][A-z0-9_\-]* for class:NCNameID
Input 20 does not match Pattern:[A-z][A-z0-9_\-]* for class:NCNameID
SELECT * FROM pg_catalog.pg_tables WHERE schemaname != &apos;pg_catalog&apos; AND schemaname != &apos;information_schema&apos; and schemaname like &apos;flow_ATSI_BIRTHS_SUMM&apos;;
Create Dataflow ATSI_BIRTHS_SUMM
create table if not exists &quot;flow_ATSI_BIRTHS_SUMM&quot; (&quot;INDIGENOUS_STATUS&quot; varchar(300),&quot;ASGS_2011&quot; varchar(300),&quot;FREQUENCY&quot; varchar(300),&quot;TIME&quot; varchar(300),&quot;MEASURE&quot; varchar(300),&quot;OBS_STATUS&quot; varchar(300),&quot;TIME_FORMAT&quot; varchar(300),&quot;UNIT&quot; varchar(300),&quot;REFERENCEPERIOD&quot; varchar(300),&quot;POWERCODE&quot; varchar(300),&quot;OBS_VALUE&quot; double precision);
&lt;soap12:Envelope xmlns:xsi=&quot;http://www.w3.org/2001/XMLSchema-instance&quot; xmlns:xsd=&quot;http://www.w3.org/2001/XMLSchema&quot; xmlns:soap12=&quot;http://www.w3.org/2003/05/soap-envelope&quot;&gt;
  &lt;soap12:Body&gt;
    &lt;GetCompactData xmlns=&quot;http://stats.oecd.org/OECDStatWS/SDMX/&quot;&gt;
      &lt;QueryMessage&gt;&lt;message:QueryMessage xmlns:message=&quot;http://www.SDMX.org/resources/SDMXML/schemas/v2_0/message&quot;&gt;&lt;Header xmlns=&quot;http://www.SDMX.org/resources/SDMXML/schemas/v2_0/message&quot;&gt;&lt;message:ID&gt;none&lt;/message:ID&gt;&lt;message:Test&gt;false&lt;/message:Test&gt;&lt;message:Prepared&gt;2016-08-19T00:11:33+08:00&lt;/message:Prepared&gt;&lt;message:Sender id=&quot;Sdmx-Sax&quot; /&gt;&lt;message:Receiver id=&quot;ABS&quot; /&gt;&lt;/Header&gt;&lt;message:Query&gt;&lt;DataWhere xmlns=&quot;http://www.SDMX.org/resources/SDMXML/schemas/v2_0/query&quot;&gt;&lt;And&gt;&lt;DataSet&gt;ATSI_BIRTHS_SUMM&lt;/DataSet&gt;&lt;Time&gt;&lt;StartTime&gt;1000-02-01&lt;/StartTime&gt;&lt;EndTime&gt;2020-04-19&lt;/EndTime&gt;&lt;/Time&gt;&lt;Or&gt;&lt;Dimension id=&quot;INDIGENOUS_STATUS&quot;&gt;IM&lt;/Dimension&gt;&lt;Dimension id=&quot;INDIGENOUS_STATUS&quot;&gt;IM&lt;/Dimension&gt;&lt;Dimension id=&quot;INDIGENOUS_STATUS&quot;&gt;IB&lt;/Dimension&gt;&lt;/Or&gt;&lt;Or&gt;&lt;Dimension id=&quot;ASGS_2011&quot;&gt;0&lt;/Dimension&gt;&lt;/Or&gt;&lt;Or&gt;&lt;Dimension id=&quot;FREQUENCY&quot;&gt;A&lt;/Dimension&gt;&lt;/Or&gt;&lt;Or&gt;&lt;Dimension id=&quot;MEASURE&quot;&gt;1&lt;/Dimension&gt;&lt;Dimension id=&quot;MEASURE&quot;&gt;4&lt;/Dimension&gt;&lt;Dimension id=&quot;MEASURE&quot;&gt;5&lt;/Dimension&gt;&lt;Dimension id=&quot;MEASURE&quot;&gt;7&lt;/Dimension&gt;&lt;Dimension id=&quot;MEASURE&quot;&gt;8&lt;/Dimension&gt;&lt;Dimension id=&quot;MEASURE&quot;&gt;9&lt;/Dimension&gt;&lt;Dimension id=&quot;MEASURE&quot;&gt;10&lt;/Dimension&gt;&lt;Dimension id=&quot;MEASURE&quot;&gt;13&lt;/Dimension&gt;&lt;Dimension id=&quot;MEASURE&quot;&gt;14&lt;/Dimension&gt;&lt;Dimension id=&quot;MEASURE&quot;&gt;15&lt;/Dimension&gt;&lt;Dimension id=&quot;MEASURE&quot;&gt;18&lt;/Dimension&gt;&lt;Dimension id=&quot;MEASURE&quot;&gt;19&lt;/Dimension&gt;&lt;Dimension id=&quot;MEASURE&quot;&gt;20&lt;/Dimension&gt;&lt;/Or&gt;&lt;/And&gt;&lt;/DataWhere&gt;&lt;/message:Query&gt;&lt;/message:QueryMessage&gt;
&lt;/QueryMessage&gt;
&lt;/GetCompactData&gt;
&lt;/soap12:Body&gt;
&lt;/soap12:Envelope&gt;
Header=&lt;message:CompactData xmlns=&quot;http://www.SDMX.org/resources/SDMXML/schemas/v2_0/message&quot; xmlns:common=&quot;http://www.SDMX.org/resources/SDMXML/schemas/v2_0/common&quot; xmlns:compact=&quot;http://www.SDMX.org/resources/SDMXML/schemas/v2_0/compact&quot; xmlns:ABS=&quot;http://oecd.stat.org/Data&quot; xmlns:xsi=&quot;http://www.w3.org/2001/XMLSchema-instance&quot; xsi:schemaLocation=&quot;http://www.SDMX.org/resources/SDMXML/schemas/v2_0/message http://www.sdmx.org/docs/2_0/SDMXMessage.xsd http://oecd.stat.org/Data http://stat.data.abs.gov.au/restsdmx/sdmx.ashx/GetSchema/ATSI_BIRTHS_SUMM&quot; xmlns:message=&quot;http://www.SDMX.org/resources/SDMXML/schemas/v2_0/message&quot;&gt;&lt;Header&gt;&lt;ID&gt;none&lt;/ID&gt;&lt;Test&gt;false&lt;/Test&gt;&lt;Truncated&gt;false&lt;/Truncated&gt;&lt;Prepared&gt;2020-03-19T13:23:10&lt;/Prepared&gt;&lt;Sender id=&quot;ABS&quot;&gt;&lt;Name xml:lang=&quot;en&quot;&gt;Australian Bureau of Statistics&lt;/Name&gt;&lt;Name xml:lang=&quot;fr&quot;&gt;Australian Bureau of Statistics&lt;/Name&gt;&lt;/Sender&gt;&lt;/Header&gt;&lt;ABS:DataSet keyFamilyURI=&quot;http://stat.data.abs.gov.au/restsdmx/sdmx.ashx/GetKeyFamily/ATSI_BIRTHS_SUMM&quot; xmlns:ABS=&quot;http://oecd.stat.org/Data&quot;&gt;&lt;ABS:Series MEASURE=&quot;1&quot; INDIGENOUS_STATUS=&quot;IM&quot; ASGS_2011=&quot;0&quot; FREQUENCY=&quot;A&quot; TIME_FORMAT=&quot;P1Y&quot; UNIT=&quot;NUM&quot; POWERCODE=&quot;0&quot;&gt;&lt;ABS:Obs TIME=&quot;2001&quot; OBS_VALUE=&quot;8334&quot; /&gt;&lt;ABS:Obs TIME=&quot;2002&quot; OBS_VALUE=&quot;8292&quot; /&gt;&lt;ABS:Obs TIME=&quot;2003&quot; OBS_VALUE=&quot;8567&quot; /&gt;&lt;ABS:Obs TIME=&quot;2004&quot; OBS_VALUE=&quot;8599&quot; /&gt;&lt;ABS:Obs TIME=&quot;2005&quot; OBS_VALUE=&quot;9058&quot; /&gt;&lt;ABS:Obs TIME=&quot;2006&quot; OBS_VALUE=&quot;9387&quot; /&gt;&lt;ABS:Obs TIME=&quot;2007&quot; OBS_VALUE=&quot;11021&quot; /&gt;&lt;ABS:Obs TIME=&quot;2008&quot; OBS_VALUE=&quot;11776&quot; /&gt;&lt;ABS:Obs TIME=&quot;2009&quot; OBS_VALUE=&quot;12426&quot; /&gt;&lt;ABS:Obs TIME=&quot;2010&quot; OBS_VALUE=&quot;12860&quot; /&gt;&lt;ABS:Obs TIME=&quot;2011&quot; OBS_VALUE=&quot;12874&quot; /&gt;&lt;ABS:Obs TIME=&quot;2012&quot; OBS_VALUE=&quot;13092&quot; /&gt;&lt;ABS:Obs TIME=&quot;2013&quot; OBS_VALUE=&quot;13171&quot; /&gt;&lt;ABS:Obs TIME=&quot;2014&quot; OBS_VALUE=&quot;12768&quot; /&gt;&lt;ABS:Obs TIME=&quot;2015&quot; OBS_VALUE=&quot;13439&quot; /&gt;&lt;ABS:Obs TIME=&quot;2016&quot; OBS_VALUE=&quot;13192&quot; /&gt;&lt;ABS:Obs TIME=&quot;2017&quot; OBS_VALUE=&quot;14371&quot; /&gt;&lt;ABS:Obs TIME=&quot;2018&quot; OBS_VALUE=&quot;15372&quot; /&gt;&lt;/ABS:Series&gt;&lt;ABS:Series MEASURE=&quot;4&quot; INDIGENOUS_STATUS=&quot;IM&quot; ASGS_2011=&quot;0&quot; FREQUENCY=&quot;A&quot; TIME_FORMAT=&quot;P1Y&quot; UNIT=&quot;NUM&quot; POWERCODE=&quot;0&quot;&gt;&lt;ABS:Obs TIME=&quot;2001&quot; OBS_VALUE=&quot;4279&quot; /&gt;&lt;ABS:Obs TIME=&quot;2002&quot; OBS_VALUE=&quot;4269&quot; /&gt;&lt;ABS:Obs TIME=&quot;2003&quot; OBS_VALUE=&quot;4354&quot; /&gt;&lt;ABS:Obs TIME=&quot;2004&quot; OBS_VALUE=&quot;4456&quot; /&gt;&lt;ABS:Obs TIME=&quot;2005&quot; OBS_VALUE=&quot;4639&quot; /&gt;&lt;ABS:Obs TIME=&quot;2006&quot; OBS_VALUE=&quot;4717&quot; /&gt;&lt;ABS:Obs TIME=&quot;2007&quot; OBS_VALUE=&quot;5695&quot; /&gt;&lt;ABS:Obs TIME=&quot;2008&quot; OBS_VALUE=&quot;6074&quot; /&gt;&lt;ABS:Obs TIME=&quot;2009&quot; OBS_VALUE=&quot;6377&quot; /&gt;&lt;ABS:Obs TIME=&quot;2010&quot; OBS_VALUE=&quot;6737&quot; /&gt;&lt;ABS:Obs TIME=&quot;2011&quot; OBS_VALUE=&quot;6558&quot; /&gt;&lt;ABS:Obs TIME=&quot;2012&quot; OBS_VALUE=&quot;6688&quot; /&gt;&lt;ABS:Obs TIME=&quot;2013&quot; OBS_VALUE=&quot;6853&quot; /&gt;&lt;ABS:Obs TIME=&quot;2014&quot; OBS_VALUE=&quot;6648&quot; /&gt;&lt;ABS:Obs TIME=&quot;2015&quot; OBS_VALUE=&quot;6816&quot; /&gt;&lt;ABS:Obs TIME=&quot;2016&quot; OBS_VALUE=&quot;6804&quot; /&gt;&lt;ABS:Obs TIME=&quot;2017&quot; OBS_VALUE=&quot;7403&quot; /&gt;&lt;ABS:Obs TIME=&quot;2018&quot; OBS_VALUE=&quot;7875&quot; /&gt;&lt;/ABS:Series&gt;&lt;ABS:Series MEASURE=&quot;5&quot; INDIGENOUS_STATUS=&quot;IM&quot; ASGS_2011=&quot;0&quot; FREQUENCY=&quot;A&quot; TIME_FORMAT=&quot;P1Y&quot; UNIT=&quot;NUM&quot; POWERCODE=&quot;0&quot;&gt;&lt;ABS:Obs TIME=&quot;2001&quot; OBS_VALUE=&quot;4055&quot; /&gt;&lt;ABS:Obs TIME=&quot;2002&quot; OBS_VALUE=&quot;4023&quot; /&gt;&lt;ABS:Obs TIME=&quot;2003&quot; OBS_VALUE=&quot;4213&quot; /&gt;&lt;ABS:Obs TIME=&quot;2004&quot; OBS_VALUE=&quot;4143&quot; /&gt;&lt;ABS:Obs TIME=&quot;2005&quot; OBS_VALUE=&quot;4419&quot; /&gt;&lt;ABS:Obs TIME=&quot;2006&quot; OBS_VALUE=&quot;4670&quot; /&gt;&lt;ABS:Obs TIME=&quot;2007&quot; OBS_VALUE=&quot;5326&quot; /&gt;&lt;ABS:Obs TIME=&quot;2008&quot; OBS_VALUE=&quot;5702&quot; /&gt;&lt;ABS:Obs TIME=&quot;2009&quot; OBS_VALUE=&quot;6049&quot; /&gt;&lt;ABS:Obs TIME=&quot;2010&quot; OBS_VALUE=&quot;6123&quot; /&gt;&lt;ABS:Obs TIME=&quot;2011&quot; OBS_VALUE=&quot;6316&quot; /&gt;&lt;ABS:Obs TIME=&quot;2012&quot; OBS_VALUE=&quot;6404&quot; /&gt;&lt;ABS:Obs TIME=&quot;2013&quot; OBS_VALUE=&quot;6318&quot; /&gt;&lt;ABS:Obs TIME=&quot;2014&quot; OBS_VALUE=&quot;6120&quot; /&gt;&lt;ABS:Obs TIME=&quot;2015&quot; OBS_VALUE=&quot;6623&quot; /&gt;&lt;ABS:Obs TIME=&quot;2016&quot; OBS_VALUE=&quot;6388&quot; /&gt;&lt;ABS:Obs TIME=&quot;2017&quot; OBS_VALUE=&quot;6968&quot; /&gt;&lt;ABS:Obs TIME=&quot;2018&quot; OBS_VALUE=&quot;7497&quot; /&gt;&lt;/ABS:Series&gt;&lt;ABS:Series MEASURE=&quot;7&quot; INDIGENOUS_STATUS=&quot;IM&quot; ASGS_2011=&quot;0&quot; FREQUENCY=&quot;A&quot; TIME_FORMAT=&quot;P1Y&quot; UNIT=&quot;PCT&quot; POWERCODE=&quot;0&quot;&gt;&lt;ABS:Obs TIME=&quot;2001&quot; OBS_VALUE=&quot;14&quot; /&gt;&lt;ABS:Obs TIME=&quot;2002&quot; OBS_VALUE=&quot;14&quot; /&gt;&lt;ABS:Obs TIME=&quot;2003&quot; OBS_VALUE=&quot;14&quot; /&gt;&lt;ABS:Obs TIME=&quot;2004&quot; OBS_VALUE=&quot;13&quot; /&gt;&lt;ABS:Obs TIME=&quot;2005&quot; OBS_VALUE=&quot;14&quot; /&gt;&lt;ABS:Obs TIME=&quot;2006&quot; OBS_VALUE=&quot;13&quot; /&gt;&lt;ABS:Obs TIME=&quot;2007&quot; OBS_VALUE=&quot;15&quot; /&gt;&lt;ABS:Obs TIME=&quot;2008&quot; OBS_VALUE=&quot;12&quot; /&gt;&lt;ABS:Obs TIME=&quot;2009&quot; OBS_VALUE=&quot;11&quot; /&gt;&lt;ABS:Obs TIME=&quot;2010&quot; OBS_VALUE=&quot;12&quot; /&gt;&lt;ABS:Obs TIME=&quot;2011&quot; OBS_VALUE=&quot;12&quot; /&gt;&lt;ABS:Obs TIME=&quot;2012&quot; OBS_VALUE=&quot;12&quot; /&gt;&lt;ABS:Obs TIME=&quot;2013&quot; OBS_VALUE=&quot;13&quot; /&gt;&lt;ABS:Obs TIME=&quot;2014&quot; OBS_VALUE=&quot;13&quot; /&gt;&lt;ABS:Obs TIME=&quot;2015&quot; OBS_VALUE=&quot;12&quot; /&gt;&lt;ABS:Obs TIME=&quot;2016&quot; OBS_VALUE=&quot;14&quot; /&gt;&lt;ABS:Obs TIME=&quot;2017&quot; OBS_VALUE=&quot;13&quot; /&gt;&lt;ABS:Obs TIME=&quot;2018&quot; OBS_VALUE=&quot;13&quot; /&gt;&lt;/ABS:Series&gt;&lt;ABS:Series MEASURE=&quot;8&quot; INDIGENOUS_STATUS=&quot;IM&quot; ASGS_2011=&quot;0&quot; FREQUENCY=&quot;A&quot; TIME_FORMAT=&quot;P1Y&quot; UNIT=&quot;PCT&quot; POWERCODE=&quot;0&quot;&gt;&lt;ABS:Obs TIME=&quot;2001&quot; OBS_VALUE=&quot;86&quot; /&gt;&lt;ABS:Obs TIME=&quot;2002&quot; OBS_VALUE=&quot;86&quot; /&gt;&lt;ABS:Obs TIME=&quot;2003&quot; OBS_VALUE=&quot;86&quot; /&gt;&lt;ABS:Obs TIME=&quot;2004&quot; OBS_VALUE=&quot;87&quot; /&gt;&lt;ABS:Obs TIME=&quot;2005&quot; OBS_VALUE=&quot;86&quot; /&gt;&lt;ABS:Obs TIME=&quot;2006&quot; OBS_VALUE=&quot;87&quot; /&gt;&lt;ABS:Obs TIME=&quot;2007&quot; OBS_VALUE=&quot;85&quot; /&gt;&lt;ABS:Obs TIME=&quot;2008&quot; OBS_VALUE=&quot;88&quot; /&gt;&lt;ABS:Obs TIME=&quot;2009&quot; OBS_VALUE=&quot;89&quot; /&gt;&lt;ABS:Obs TIME=&quot;2010&quot; OBS_VALUE=&quot;88&quot; /&gt;&lt;ABS:Obs TIME=&quot;2011&quot; OBS_VALUE=&quot;88&quot; /&gt;&lt;ABS:Obs TIME=&quot;2012&quot; OBS_VALUE=&quot;88&quot; /&gt;&lt;ABS:Obs TIME=&quot;2013&quot; OBS_VALUE=&quot;87&quot; /&gt;&lt;ABS:Obs TIME=&quot;2014&quot; OBS_VALUE=&quot;87&quot; /&gt;&lt;ABS:Obs TIME=&quot;2015&quot; OBS_VALUE=&quot;88&quot; /&gt;&lt;ABS:Obs TIME=&quot;2016&quot; OBS_VALUE=&quot;86&quot; /&gt;&lt;ABS:Obs TIME=&quot;2017&quot; OBS_VALUE=&quot;87&quot; /&gt;&lt;ABS:Obs TIME=&quot;2018&quot; OBS_VALUE=&quot;87&quot; /&gt;&lt;/ABS:Series&gt;&lt;ABS:Series MEASURE=&quot;9&quot; INDIGENOUS_STATUS=&quot;IM&quot; ASGS_2011=&quot;0&quot; FREQUENCY=&quot;A&quot; TIME_FORMAT=&quot;P1Y&quot; UNIT=&quot;PCT&quot; POWERCODE=&quot;0&quot;&gt;&lt;ABS:Obs TIME=&quot;2001&quot; OBS_VALUE=&quot;64&quot; /&gt;&lt;ABS:Obs TIME=&quot;2002&quot; OBS_VALUE=&quot;64&quot; /&gt;&lt;ABS:Obs TIME=&quot;2003&quot; OBS_VALUE=&quot;63&quot; /&gt;&lt;ABS:Obs TIME=&quot;2004&quot; OBS_VALUE=&quot;66&quot; /&gt;&lt;ABS:Obs TIME=&quot;2005&quot; OBS_VALUE=&quot;68&quot; /&gt;&lt;ABS:Obs TIME=&quot;2006&quot; OBS_VALUE=&quot;68&quot; /&gt;&lt;ABS:Obs TIME=&quot;2007&quot; OBS_VALUE=&quot;67&quot; /&gt;&lt;ABS:Obs TIME=&quot;2008&quot; OBS_VALUE=&quot;71&quot; /&gt;&lt;ABS:Obs TIME=&quot;2009&quot; OBS_VALUE=&quot;67&quot; /&gt;&lt;ABS:Obs TIME=&quot;2010&quot; OBS_VALUE=&quot;68&quot; /&gt;&lt;ABS:Obs TIME=&quot;2011&quot; OBS_VALUE=&quot;68&quot; /&gt;&lt;ABS:Obs TIME=&quot;2012&quot; OBS_VALUE=&quot;69&quot; /&gt;&lt;ABS:Obs TIME=&quot;2013&quot; OBS_VALUE=&quot;69&quot; /&gt;&lt;ABS:Obs TIME=&quot;2014&quot; OBS_VALUE=&quot;68&quot; /&gt;&lt;ABS:Obs TIME=&quot;2015&quot; OBS_VALUE=&quot;67&quot; /&gt;&lt;ABS:Obs TIME=&quot;2016&quot; OBS_VALUE=&quot;67&quot; /&gt;&lt;ABS:Obs TIME=&quot;2017&quot; OBS_VALUE=&quot;67&quot; /&gt;&lt;ABS:Obs TIME=&quot;2018&quot; OBS_VALUE=&quot;64&quot; /&gt;&lt;/ABS:Series&gt;&lt;ABS:Series MEASURE=&quot;10&quot; INDIGENOUS_STATUS=&quot;IM&quot; ASGS_2011=&quot;0&quot; FREQUENCY=&quot;A&quot; TIME_FORMAT=&quot;P1Y&quot; UNIT=&quot;PCT&quot; POWERCODE=&quot;0&quot;&gt;&lt;ABS:Obs TIME=&quot;2001&quot; OBS_VALUE=&quot;22&quot; /&gt;&lt;ABS:Obs TIME=&quot;2002&quot; OBS_VALUE=&quot;22&quot; /&gt;&lt;ABS:Obs TIME=&quot;2003&quot; OBS_VALUE=&quot;23&quot; /&gt;&lt;ABS:Obs TIME=&quot;2004&quot; OBS_VALUE=&quot;21&quot; /&gt;&lt;ABS:Obs TIME=&quot;2005&quot; OBS_VALUE=&quot;19&quot; /&gt;&lt;ABS:Obs TIME=&quot;2006&quot; OBS_VALUE=&quot;19&quot; /&gt;&lt;ABS:Obs TIME=&quot;2007&quot; OBS_VALUE=&quot;18&quot; /&gt;&lt;ABS:Obs TIME=&quot;2008&quot; OBS_VALUE=&quot;17&quot; /&gt;&lt;ABS:Obs TIME=&quot;2009&quot; OBS_VALUE=&quot;21&quot; /&gt;&lt;ABS:Obs TIME=&quot;2010&quot; OBS_VALUE=&quot;20&quot; /&gt;&lt;ABS:Obs TIME=&quot;2011&quot; OBS_VALUE=&quot;20&quot; /&gt;&lt;ABS:Obs TIME=&quot;2012&quot; OBS_VALUE=&quot;19&quot; /&gt;&lt;ABS:Obs TIME=&quot;2013&quot; OBS_VALUE=&quot;18&quot; /&gt;&lt;ABS:Obs TIME=&quot;2014&quot; OBS_VALUE=&quot;20&quot; /&gt;&lt;ABS:Obs TIME=&quot;2015&quot; OBS_VALUE=&quot;20&quot; /&gt;&lt;ABS:Obs TIME=&quot;2016&quot; OBS_VALUE=&quot;19&quot; /&gt;&lt;ABS:Obs TIME=&quot;2017&quot; OBS_VALUE=&quot;20&quot; /&gt;&lt;ABS:Obs TIME=&quot;2018&quot; OBS_VALUE=&quot;22&quot; /&gt;&lt;/ABS:Series&gt;&lt;ABS:Series MEASURE=&quot;13&quot; INDIGENOUS_STATUS=&quot;IM&quot; ASGS_2011=&quot;0&quot; FREQUENCY=&quot;A&quot; TIME_FORMAT=&quot;P1Y&quot; UNIT=&quot;NUM&quot; POWERCODE=&quot;0&quot;&gt;&lt;ABS:Obs TIME=&quot;2001&quot; OBS_VALUE=&quot;8231&quot; /&gt;&lt;ABS:Obs TIME=&quot;2002&quot; OBS_VALUE=&quot;8182&quot; /&gt;&lt;ABS:Obs TIME=&quot;2003&quot; OBS_VALUE=&quot;8457&quot; /&gt;&lt;ABS:Obs TIME=&quot;2004&quot; OBS_VALUE=&quot;8510&quot; /&gt;&lt;ABS:Obs TIME=&quot;2005&quot; OBS_VALUE=&quot;8946&quot; /&gt;&lt;ABS:Obs TIME=&quot;2006&quot; OBS_VALUE=&quot;9277&quot; /&gt;&lt;ABS:Obs TIME=&quot;2007&quot; OBS_VALUE=&quot;10899&quot; /&gt;&lt;ABS:Obs TIME=&quot;2008&quot; OBS_VALUE=&quot;11630&quot; /&gt;&lt;ABS:Obs TIME=&quot;2009&quot; OBS_VALUE=&quot;12289&quot; /&gt;&lt;ABS:Obs TIME=&quot;2010&quot; OBS_VALUE=&quot;12708&quot; /&gt;&lt;ABS:Obs TIME=&quot;2011&quot; OBS_VALUE=&quot;12715&quot; /&gt;&lt;ABS:Obs TIME=&quot;2012&quot; OBS_VALUE=&quot;12946&quot; /&gt;&lt;ABS:Obs TIME=&quot;2013&quot; OBS_VALUE=&quot;13005&quot; /&gt;&lt;ABS:Obs TIME=&quot;2014&quot; OBS_VALUE=&quot;12627&quot; /&gt;&lt;ABS:Obs TIME=&quot;2015&quot; OBS_VALUE=&quot;13258&quot; /&gt;&lt;ABS:Obs TIME=&quot;2016&quot; OBS_VALUE=&quot;13025&quot; /&gt;&lt;ABS:Obs TIME=&quot;2017&quot; OBS_VALUE=&quot;14165&quot; /&gt;&lt;ABS:Obs TIME=&quot;2018&quot; OBS_VALUE=&quot;15154&quot; /&gt;&lt;/ABS:Series&gt;&lt;ABS:Series MEASURE=&quot;14&quot; INDIGENOUS_STATUS=&quot;IM&quot; ASGS_2011=&quot;0&quot; FREQUENCY=&quot;A&quot; TIME_FORMAT=&quot;P1Y&quot; UNIT=&quot;YEARS&quot; POWERCODE=&quot;0&quot;&gt;&lt;ABS:Obs TIME=&quot;2001&quot; OBS_VALUE=&quot;24.7&quot; /&gt;&lt;ABS:Obs TIME=&quot;2002&quot; OBS_VALUE=&quot;24.6&quot; /&gt;&lt;ABS:Obs TIME=&quot;2003&quot; OBS_VALUE=&quot;24.6&quot; /&gt;&lt;ABS:Obs TIME=&quot;2004&quot; OBS_VALUE=&quot;24.6&quot; /&gt;&lt;ABS:Obs TIME=&quot;2005&quot; OBS_VALUE=&quot;24.5&quot; /&gt;&lt;ABS:Obs TIME=&quot;2006&quot; OBS_VALUE=&quot;24.6&quot; /&gt;&lt;ABS:Obs TIME=&quot;2007&quot; OBS_VALUE=&quot;24.7&quot; /&gt;&lt;ABS:Obs TIME=&quot;2008&quot; OBS_VALUE=&quot;24.6&quot; /&gt;&lt;ABS:Obs TIME=&quot;2009&quot; OBS_VALUE=&quot;24.5&quot;
Inserting 414 obs
&lt;soap12:Envelope xmlns:xsi=&quot;http://www.w3.org/2001/XMLSchema-instance&quot; xmlns:xsd=&quot;http://www.w3.org/2001/XMLSchema&quot; xmlns:soap12=&quot;http://www.w3.org/2003/05/soap-envelope&quot;&gt;
  &lt;soap12:Body&gt;
    &lt;GetCompactData xmlns=&quot;http://stats.oecd.org/OECDStatWS/SDMX/&quot;&gt;
      &lt;QueryMessage&gt;&lt;message:QueryMessage xmlns:message=&quot;http://www.SDMX.org/resources/SDMXML/schemas/v2_0/message&quot;&gt;&lt;Header xmlns=&quot;http://www.SDMX.org/resources/SDMXML/schemas/v2_0/message&quot;&gt;&lt;message:ID&gt;none&lt;/message:ID&gt;&lt;message:Test&gt;false&lt;/message:Test&gt;&lt;message:Prepared&gt;2016-08-19T00:11:33+08:00&lt;/message:Prepared&gt;&lt;message:Sender id=&quot;Sdmx-Sax&quot; /&gt;&lt;message:Receiver id=&quot;ABS&quot; /&gt;&lt;/Header&gt;&lt;message:Query&gt;&lt;DataWhere xmlns=&quot;http://www.SDMX.org/resources/SDMXML/schemas/v2_0/query&quot;&gt;&lt;And&gt;&lt;DataSet&gt;ATSI_BIRTHS_SUMM&lt;/DataSet&gt;&lt;Time&gt;&lt;StartTime&gt;1000-02-01&lt;/StartTime&gt;&lt;EndTime&gt;2020-04-19&lt;/EndTime&gt;&lt;/Time&gt;&lt;Or&gt;&lt;Dimension id=&quot;INDIGENOUS_STATUS&quot;&gt;IM&lt;/Dimension&gt;&lt;Dimension id=&quot;INDIGENOUS_STATUS&quot;&gt;IM&lt;/Dimension&gt;&lt;Dimension id=&quot;INDIGENOUS_STATUS&quot;&gt;IB&lt;/Dimension&gt;&lt;/Or&gt;&lt;Or&gt;&lt;Dimension id=&quot;ASGS_2011&quot;&gt;1&lt;/Dimension&gt;&lt;/Or&gt;&lt;Or&gt;&lt;Dimension id=&quot;FREQUENCY&quot;&gt;A&lt;/Dimension&gt;&lt;/Or&gt;&lt;Or&gt;&lt;Dimension id=&quot;MEASURE&quot;&gt;1&lt;/Dimension&gt;&lt;Dimension id=&quot;MEASURE&quot;&gt;4&lt;/Dimension&gt;&lt;Dimension id=&quot;MEASURE&quot;&gt;5&lt;/Dimension&gt;&lt;Dimension id=&quot;MEASURE&quot;&gt;7&lt;/Dimension&gt;&lt;Dimension id=&quot;MEASURE&quot;&gt;8&lt;/Dimension&gt;&lt;Dimension id=&quot;MEASURE&quot;&gt;9&lt;/Dimension&gt;&lt;Dimension id=&quot;MEASURE&quot;&gt;10&lt;/Dimension&gt;&lt;Dimension id=&quot;MEASURE&quot;&gt;13&lt;/Dimension&gt;&lt;Dimension id=&quot;MEASURE&quot;&gt;14&lt;/Dimension&gt;&lt;Dimension id=&quot;MEASURE&quot;&gt;15&lt;/Dimension&gt;&lt;Dimension id=&quot;MEASURE&quot;&gt;18&lt;/Dimension&gt;&lt;Dimension id=&quot;MEASURE&quot;&gt;19&lt;/Dimension&gt;&lt;Dimension id=&quot;MEASURE&quot;&gt;20&lt;/Dimension&gt;&lt;/Or&gt;&lt;/And&gt;&lt;/DataWhere&gt;&lt;/message:Query&gt;&lt;/message:QueryMessage&gt;
&lt;/QueryMessage&gt;
&lt;/GetCompactData&gt;
&lt;/soap12:Body&gt;
&lt;/soap12:Envelope&gt;
Header=&lt;message:CompactData xmlns=&quot;http://www.SDMX.org/resources/SDMXML/schemas/v2_0/message&quot; xmlns:common=&quot;http://www.SDMX.org/resources/SDMXML/schemas/v2_0/common&quot; xmlns:compact=&quot;http://www.SDMX.org/resources/SDMXML/schemas/v2_0/compact&quot; xmlns:ABS=&quot;http://oecd.stat.org/Data&quot; xmlns:xsi=&quot;http://www.w3.org/2001/XMLSchema-instance&quot; xsi:schemaLocation=&quot;http://www.SDMX.org/resources/SDMXML/schemas/v2_0/message http://www.sdmx.org/docs/2_0/SDMXMessage.xsd http://oecd.stat.org/Data http://stat.data.abs.gov.au/restsdmx/sdmx.ashx/GetSchema/ATSI_BIRTHS_SUMM&quot; xmlns:message=&quot;http://www.SDMX.org/resources/SDMXML/schemas/v2_0/message&quot;&gt;&lt;Header&gt;&lt;ID&gt;none&lt;/ID&gt;&lt;Test&gt;false&lt;/Test&gt;&lt;Truncated&gt;false&lt;/Truncated&gt;&lt;Prepared&gt;2020-03-19T13:23:15&lt;/Prepared&gt;&lt;Sender id=&quot;ABS&quot;&gt;&lt;Name xml:lang=&quot;en&quot;&gt;Australian Bureau of Statistics&lt;/Name&gt;&lt;Name xml:lang=&quot;fr&quot;&gt;Australian Bureau of Statistics&lt;/Name&gt;&lt;/Sender&gt;&lt;/Header&gt;&lt;ABS:DataSet keyFamilyURI=&quot;http://stat.data.abs.gov.au/restsdmx/sdmx.ashx/GetKeyFamily/ATSI_BIRTHS_SUMM&quot; xmlns:ABS=&quot;http://oecd.stat.org/Data&quot;&gt;&lt;ABS:Series MEASURE=&quot;1&quot; INDIGENOUS_STATUS=&quot;IM&quot; ASGS_2011=&quot;1&quot; FREQUENCY=&quot;A&quot; TIME_FORMAT=&quot;P1Y&quot; UNIT=&quot;NUM&quot; POWERCODE=&quot;0&quot;&gt;&lt;ABS:Obs TIME=&quot;2001&quot; OBS_VALUE=&quot;2009&quot; /&gt;&lt;ABS:Obs TIME=&quot;2002&quot; OBS_VALUE=&quot;2149&quot; /&gt;&lt;ABS:Obs TIME=&quot;2003&quot; OBS_VALUE=&quot;2076&quot; /&gt;&lt;ABS:Obs TIME=&quot;2004&quot; OBS_VALUE=&quot;2290&quot; /&gt;&lt;ABS:Obs TIME=&quot;2005&quot; OBS_VALUE=&quot;2454&quot; /&gt;&lt;ABS:Obs TIME=&quot;2006&quot; OBS_VALUE=&quot;2772&quot; /&gt;&lt;ABS:Obs TIME=&quot;2007&quot; OBS_VALUE=&quot;3221&quot; /&gt;&lt;ABS:Obs TIME=&quot;2008&quot; OBS_VALUE=&quot;3411&quot; /&gt;&lt;ABS:Obs TIME=&quot;2009&quot; OBS_VALUE=&quot;3477&quot; /&gt;&lt;ABS:Obs TIME=&quot;2010&quot; OBS_VALUE=&quot;3844&quot; /&gt;&lt;ABS:Obs TIME=&quot;2011&quot; OBS_VALUE=&quot;3749&quot; /&gt;&lt;ABS:Obs TIME=&quot;2012&quot; OBS_VALUE=&quot;3586&quot; /&gt;&lt;ABS:Obs TIME=&quot;2013&quot; OBS_VALUE=&quot;3917&quot; /&gt;&lt;ABS:Obs TIME=&quot;2014&quot; OBS_VALUE=&quot;3320&quot; /&gt;&lt;ABS:Obs TIME=&quot;2015&quot; OBS_VALUE=&quot;4046&quot; /&gt;&lt;ABS:Obs TIME=&quot;2016&quot; OBS_VALUE=&quot;3856&quot; /&gt;&lt;ABS:Obs TIME=&quot;2017&quot; OBS_VALUE=&quot;4027&quot; /&gt;&lt;ABS:Obs TIME=&quot;2018&quot; OBS_VALUE=&quot;4912&quot; /&gt;&lt;/ABS:Series&gt;&lt;ABS:Series MEASURE=&quot;4&quot; INDIGENOUS_STATUS=&quot;IM&quot; ASGS_2011=&quot;1&quot; FREQUENCY=&quot;A&quot; TIME_FORMAT=&quot;P1Y&quot; UNIT=&quot;NUM&quot; POWERCODE=&quot;0&quot;&gt;&lt;ABS:Obs TIME=&quot;2001&quot; OBS_VALUE=&quot;1039&quot; /&gt;&lt;ABS:Obs TIME=&quot;2002&quot; OBS_VALUE=&quot;1120&quot; /&gt;&lt;ABS:Obs TIME=&quot;2003&quot; OBS_VALUE=&quot;1023&quot; /&gt;&lt;ABS:Obs TIME=&quot;2004&quot; OBS_VALUE=&quot;1244&quot; /&gt;&lt;ABS:Obs TIME=&quot;2005&quot; OBS_VALUE=&quot;1250&quot; /&gt;&lt;ABS:Obs TIME=&quot;2006&quot; OBS_VALUE=&quot;1426&quot; /&gt;&lt;ABS:Obs TIME=&quot;2007&quot; OBS_VALUE=&quot;1660&quot; /&gt;&lt;ABS:Obs TIME=&quot;2008&quot; OBS_VALUE=&quot;1754&quot; /&gt;&lt;ABS:Obs TIME=&quot;2009&quot; OBS_VALUE=&quot;1763&quot; /&gt;&lt;ABS:Obs TIME=&quot;2010&quot; OBS_VALUE=&quot;2029&quot; /&gt;&lt;ABS:Obs TIME=&quot;2011&quot; OBS_VALUE=&quot;1946&quot; /&gt;&lt;ABS:Obs TIME=&quot;2012&quot; OBS_VALUE=&quot;1809&quot; /&gt;&lt;ABS:Obs TIME=&quot;2013&quot; OBS_VALUE=&quot;2084&quot; /&gt;&lt;ABS:Obs TIME=&quot;2014&quot; OBS_VALUE=&quot;1756&quot; /&gt;&lt;ABS:Obs TIME=&quot;2015&quot; OBS_VALUE=&quot;2008&quot; /&gt;&lt;ABS:Obs TIME=&quot;2016&quot; OBS_VALUE=&quot;1955&quot; /&gt;&lt;ABS:Obs TIME=&quot;2017&quot; OBS_VALUE=&quot;2062&quot; /&gt;&lt;ABS:Obs TIME=&quot;2018&quot; OBS_VALUE=&quot;2487&quot; /&gt;&lt;/ABS:Series&gt;&lt;ABS:Series MEASURE=&quot;5&quot; INDIGENOUS_STATUS=&quot;IM&quot; ASGS_2011=&quot;1&quot; FREQUENCY=&quot;A&quot; TIME_FORMAT=&quot;P1Y&quot; UNIT=&quot;NUM&quot; POWERCODE=&quot;0&quot;&gt;&lt;ABS:Obs TIME=&quot;2001&quot; OBS_VALUE=&quot;970&quot; /&gt;&lt;ABS:Obs TIME=&quot;2002&quot; OBS_VALUE=&quot;1029&quot; /&gt;&lt;ABS:Obs TIME=&quot;2003&quot; OBS_VALUE=&quot;1053&quot; /&gt;&lt;ABS:Obs TIME=&quot;2004&quot; OBS_VALUE=&quot;1046&quot; /&gt;&lt;ABS:Obs TIME=&quot;2005&quot; OBS_VALUE=&quot;1204&quot; /&gt;&lt;ABS:Obs TIME=&quot;2006&quot; OBS_VALUE=&quot;1346&quot; /&gt;&lt;ABS:Obs TIME=&quot;2007&quot; OBS_VALUE=&quot;1561&quot; /&gt;&lt;ABS:Obs TIME=&quot;2008&quot; OBS_VALUE=&quot;1657&quot; /&gt;&lt;ABS:Obs TIME=&quot;2009&quot; OBS_VALUE=&quot;1714&quot; /&gt;&lt;ABS:Obs TIME=&quot;2010&quot; OBS_VALUE=&quot;1815&quot; /&gt;&lt;ABS:Obs TIME=&quot;2011&quot; OBS_VALUE=&quot;1803&quot; /&gt;&lt;ABS:Obs TIME=&quot;2012&quot; OBS_VALUE=&quot;1777&quot; /&gt;&lt;ABS:Obs TIME=&quot;2013&quot; OBS_VALUE=&quot;1833&quot; /&gt;&lt;ABS:Obs TIME=&quot;2014&quot; OBS_VALUE=&quot;1564&quot; /&gt;&lt;ABS:Obs TIME=&quot;2015&quot; OBS_VALUE=&quot;2038&quot; /&gt;&lt;ABS:Obs TIME=&quot;2016&quot; OBS_VALUE=&quot;1901&quot; /&gt;&lt;ABS:Obs TIME=&quot;2017&quot; OBS_VALUE=&quot;1965&quot; /&gt;&lt;ABS:Obs TIME=&quot;2018&quot; OBS_VALUE=&quot;2425&quot; /&gt;&lt;/ABS:Series&gt;&lt;ABS:Series MEASURE=&quot;7&quot; INDIGENOUS_STATUS=&quot;IM&quot; ASGS_2011=&quot;1&quot; FREQUENCY=&quot;A&quot; TIME_FORMAT=&quot;P1Y&quot; UNIT=&quot;PCT&quot; POWERCODE=&quot;0&quot;&gt;&lt;ABS:Obs TIME=&quot;2001&quot; OBS_VALUE=&quot;19&quot; /&gt;&lt;ABS:Obs TIME=&quot;2002&quot; OBS_VALUE=&quot;18&quot; /&gt;&lt;ABS:Obs TIME=&quot;2003&quot; OBS_VALUE=&quot;20&quot; /&gt;&lt;ABS:Obs TIME=&quot;2004&quot; OBS_VALUE=&quot;17&quot; /&gt;&lt;ABS:Obs TIME=&quot;2005&quot; OBS_VALUE=&quot;17&quot; /&gt;&lt;ABS:Obs TIME=&quot;2006&quot; OBS_VALUE=&quot;17&quot; /&gt;&lt;ABS:Obs TIME=&quot;2007&quot; OBS_VALUE=&quot;21&quot; /&gt;&lt;ABS:Obs TIME=&quot;2008&quot; OBS_VALUE=&quot;14&quot; /&gt;&lt;ABS:Obs TIME=&quot;2009&quot; OBS_VALUE=&quot;15&quot; /&gt;&lt;ABS:Obs TIME=&quot;2010&quot; OBS_VALUE=&quot;15&quot; /&gt;&lt;ABS:Obs TIME=&quot;2011&quot; OBS_VALUE=&quot;15&quot; /&gt;&lt;ABS:Obs TIME=&quot;2012&quot; OBS_VALUE=&quot;16&quot; /&gt;&lt;ABS:Obs TIME=&quot;2013&quot; OBS_VALUE=&quot;16&quot; /&gt;&lt;ABS:Obs TIME=&quot;2014&quot; OBS_VALUE=&quot;18&quot; /&gt;&lt;ABS:Obs TIME=&quot;2015&quot; OBS_VALUE=&quot;16&quot; /&gt;&lt;ABS:Obs TIME=&quot;2016&quot; OBS_VALUE=&quot;17&quot; /&gt;&lt;ABS:Obs TIME=&quot;2017&quot; OBS_VALUE=&quot;15&quot; /&gt;&lt;ABS:Obs TIME=&quot;2018&quot; OBS_VALUE=&quot;17&quot; /&gt;&lt;/ABS:Series&gt;&lt;ABS:Series MEASURE=&quot;8&quot; INDIGENOUS_STATUS=&quot;IM&quot; ASGS_2011=&quot;1&quot; FREQUENCY=&quot;A&quot; TIME_FORMAT=&quot;P1Y&quot; UNIT=&quot;PCT&quot; POWERCODE=&quot;0&quot;&gt;&lt;ABS:Obs TIME=&quot;2001&quot; OBS_VALUE=&quot;81&quot; /&gt;&lt;ABS:Obs TIME=&quot;2002&quot; OBS_VALUE=&quot;82&quot; /&gt;&lt;ABS:Obs TIME=&quot;2003&quot; OBS_VALUE=&quot;80&quot; /&gt;&lt;ABS:Obs TIME=&quot;2004&quot; OBS_VALUE=&quot;83&quot; /&gt;&lt;ABS:Obs TIME=&quot;2005&quot; OBS_VALUE=&quot;83&quot; /&gt;&lt;ABS:Obs TIME=&quot;2006&quot; OBS_VALUE=&quot;83&quot; /&gt;&lt;ABS:Obs TIME=&quot;2007&quot; OBS_VALUE=&quot;79&quot; /&gt;&lt;ABS:Obs TIME=&quot;2008&quot; OBS_VALUE=&quot;86&quot; /&gt;&lt;ABS:Obs TIME=&quot;2009&quot; OBS_VALUE=&quot;85&quot; /&gt;&lt;ABS:Obs TIME=&quot;2010&quot; OBS_VALUE=&quot;85&quot; /&gt;&lt;ABS:Obs TIME=&quot;2011&quot; OBS_VALUE=&quot;85&quot; /&gt;&lt;ABS:Obs TIME=&quot;2012&quot; OBS_VALUE=&quot;84&quot; /&gt;&lt;ABS:Obs TIME=&quot;2013&quot; OBS_VALUE=&quot;84&quot; /&gt;&lt;ABS:Obs TIME=&quot;2014&quot; OBS_VALUE=&quot;82&quot; /&gt;&lt;ABS:Obs TIME=&quot;2015&quot; OBS_VALUE=&quot;84&quot; /&gt;&lt;ABS:Obs TIME=&quot;2016&quot; OBS_VALUE=&quot;83&quot; /&gt;&lt;ABS:Obs TIME=&quot;2017&quot; OBS_VALUE=&quot;85&quot; /&gt;&lt;ABS:Obs TIME=&quot;2018&quot; OBS_VALUE=&quot;83&quot; /&gt;&lt;/ABS:Series&gt;&lt;ABS:Series MEASURE=&quot;9&quot; INDIGENOUS_STATUS=&quot;IM&quot; ASGS_2011=&quot;1&quot; FREQUENCY=&quot;A&quot; TIME_FORMAT=&quot;P1Y&quot; UNIT=&quot;PCT&quot; POWERCODE=&quot;0&quot;&gt;&lt;ABS:Obs TIME=&quot;2001&quot; OBS_VALUE=&quot;66&quot; /&gt;&lt;ABS:Obs TIME=&quot;2002&quot; OBS_VALUE=&quot;67&quot; /&gt;&lt;ABS:Obs TIME=&quot;2003&quot; OBS_VALUE=&quot;65&quot; /&gt;&lt;ABS:Obs TIME=&quot;2004&quot; OBS_VALUE=&quot;68&quot; /&gt;&lt;ABS:Obs TIME=&quot;2005&quot; OBS_VALUE=&quot;67&quot; /&gt;&lt;ABS:Obs TIME=&quot;2006&quot; OBS_VALUE=&quot;67&quot; /&gt;&lt;ABS:Obs TIME=&quot;2007&quot; OBS_VALUE=&quot;63&quot; /&gt;&lt;ABS:Obs TIME=&quot;2008&quot; OBS_VALUE=&quot;71&quot; /&gt;&lt;ABS:Obs TIME=&quot;2009&quot; OBS_VALUE=&quot;68&quot; /&gt;&lt;ABS:Obs TIME=&quot;2010&quot; OBS_VALUE=&quot;67&quot; /&gt;&lt;ABS:Obs TIME=&quot;2011&quot; OBS_VALUE=&quot;68&quot; /&gt;&lt;ABS:Obs TIME=&quot;2012&quot; OBS_VALUE=&quot;68&quot; /&gt;&lt;ABS:Obs TIME=&quot;2013&quot; OBS_VALUE=&quot;70&quot; /&gt;&lt;ABS:Obs TIME=&quot;2014&quot; OBS_VALUE=&quot;69&quot; /&gt;&lt;ABS:Obs TIME=&quot;2015&quot; OBS_VALUE=&quot;66&quot; /&gt;&lt;ABS:Obs TIME=&quot;2016&quot; OBS_VALUE=&quot;66&quot; /&gt;&lt;ABS:Obs TIME=&quot;2017&quot; OBS_VALUE=&quot;68&quot; /&gt;&lt;ABS:Obs TIME=&quot;2018&quot; OBS_VALUE=&quot;64&quot; /&gt;&lt;/ABS:Series&gt;&lt;ABS:Series MEASURE=&quot;10&quot; INDIGENOUS_STATUS=&quot;IM&quot; ASGS_2011=&quot;1&quot; FREQUENCY=&quot;A&quot; TIME_FORMAT=&quot;P1Y&quot; UNIT=&quot;PCT&quot; POWERCODE=&quot;0&quot;&gt;&lt;ABS:Obs TIME=&quot;2001&quot; OBS_VALUE=&quot;15&quot; /&gt;&lt;ABS:Obs TIME=&quot;2002&quot; OBS_VALUE=&quot;15&quot; /&gt;&lt;ABS:Obs TIME=&quot;2003&quot; OBS_VALUE=&quot;15&quot; /&gt;&lt;ABS:Obs TIME=&quot;2004&quot; OBS_VALUE=&quot;15&quot; /&gt;&lt;ABS:Obs TIME=&quot;2005&quot; OBS_VALUE=&quot;16&quot; /&gt;&lt;ABS:Obs TIME=&quot;2006&quot; OBS_VALUE=&quot;16&quot; /&gt;&lt;ABS:Obs TIME=&quot;2007&quot; OBS_VALUE=&quot;16&quot; /&gt;&lt;ABS:Obs TIME=&quot;2008&quot; OBS_VALUE=&quot;15&quot; /&gt;&lt;ABS:Obs TIME=&quot;2009&quot; OBS_VALUE=&quot;17&quot; /&gt;&lt;ABS:Obs TIME=&quot;2010&quot; OBS_VALUE=&quot;18&quot; /&gt;&lt;ABS:Obs TIME=&quot;2011&quot; OBS_VALUE=&quot;17&quot; /&gt;&lt;ABS:Obs TIME=&quot;2012&quot; OBS_VALUE=&quot;16&quot; /&gt;&lt;ABS:Obs TIME=&quot;2013&quot; OBS_VALUE=&quot;14&quot; /&gt;&lt;ABS:Obs TIME=&quot;2014&quot; OBS_VALUE=&quot;14&quot; /&gt;&lt;ABS:Obs TIME=&quot;2015&quot; OBS_VALUE=&quot;18&quot; /&gt;&lt;ABS:Obs TIME=&quot;2016&quot; OBS_VALUE=&quot;17&quot; /&gt;&lt;ABS:Obs TIME=&quot;2017&quot; OBS_VALUE=&quot;17&quot; /&gt;&lt;ABS:Obs TIME=&quot;2018&quot; OBS_VALUE=&quot;19&quot; /&gt;&lt;/ABS:Series&gt;&lt;ABS:Series MEASURE=&quot;13&quot; INDIGENOUS_STATUS=&quot;IM&quot; ASGS_2011=&quot;1&quot; FREQUENCY=&quot;A&quot; TIME_FORMAT=&quot;P1Y&quot; UNIT=&quot;NUM&quot; POWERCODE=&quot;0&quot;&gt;&lt;ABS:Obs TIME=&quot;2001&quot; OBS_VALUE=&quot;1978&quot; /&gt;&lt;ABS:Obs TIME=&quot;2002&quot; OBS_VALUE=&quot;2117&quot; /&gt;&lt;ABS:Obs TIME=&quot;2003&quot; OBS_VALUE=&quot;2044&quot; /&gt;&lt;ABS:Obs TIME=&quot;2004&quot; OBS_VALUE=&quot;2262&quot; /&gt;&lt;ABS:Obs TIME=&quot;2005&quot; OBS_VALUE=&quot;2426&quot; /&gt;&lt;ABS:Obs TIME=&quot;2006&quot; OBS_VALUE=&quot;2725&quot; /&gt;&lt;ABS:Obs TIME=&quot;2007&quot; OBS_VALUE=&quot;3181&quot; /&gt;&lt;ABS:Obs TIME=&quot;2008&quot; OBS_VALUE=&quot;3369&quot; /&gt;&lt;ABS:Obs TIME=&quot;2009&quot; OBS_VALUE=&quot;3436&quot; /&gt;&lt;ABS:Obs TIME=&quot;2010&quot; OBS_VALUE=&quot;3794&quot; /&gt;&lt;ABS:Obs TIME=&quot;2011&quot; OBS_VALUE=&quot;3703&quot; /&gt;&lt;ABS:Obs TIME=&quot;2012&quot; OBS_VALUE=&quot;3537&quot; /&gt;&lt;ABS:Obs TIME=&quot;2013&quot; OBS_VALUE=&quot;3857&quot; /&gt;&lt;ABS:Obs TIME=&quot;2014&quot; OBS_VALUE=&quot;3282&quot; /&gt;&lt;ABS:Obs TIME=&quot;2015&quot; OBS_VALUE=&quot;3983&quot; /&gt;&lt;ABS:Obs TIME=&quot;2016&quot; OBS_VALUE=&quot;3802&quot; /&gt;&lt;ABS:Obs TIME=&quot;2017&quot; OBS_VALUE=&quot;3958&quot; /&gt;&lt;ABS:Obs TIME=&quot;2018&quot; OBS_VALUE=&quot;4834&quot; /&gt;&lt;/ABS:Series&gt;&lt;ABS:Series MEASURE=&quot;14&quot; INDIGENOUS_STATUS=&quot;IM&quot; ASGS_2011=&quot;1&quot; FREQUENCY=&quot;A&quot; TIME_FORMAT=&quot;P1Y&quot; UNIT=&quot;YEARS&quot; POWERCODE=&quot;0&quot;&gt;&lt;ABS:Obs TIME=&quot;2001&quot; OBS_VALUE=&quot;25&quot; /&gt;&lt;ABS:Obs TIME=&quot;2002&quot; OBS_VALUE=&quot;25&quot; /&gt;&lt;ABS:Obs TIME=&quot;2003&quot; OBS_VALUE=&quot;24.8&quot; /&gt;&lt;ABS:Obs TIME=&quot;2004&quot; OBS_VALUE=&quot;24.7&quot; /&gt;&lt;ABS:Obs TIME=&quot;2005&quot; OBS_VALUE=&quot;24.8&quot; /&gt;&lt;ABS:Obs TIME=&quot;2006&quot; OBS_VALUE=&quot;24.8&quot; /&gt;&lt;ABS:Obs TIME=&quot;2007&quot; OBS_VALUE=&quot;25.4&quot; /&gt;&lt;ABS:Obs TIME=&quot;2008&quot; OBS_VALUE=&quot;24.8&quot; /&gt;&lt;ABS:Obs TIME=&quot;2009&quot; OBS_VALUE=&quot;24.6&quot; /&gt;&lt;ABS:Obs TIME=&quot;2010&quot; OBS_V
Inserting 414 obs
&lt;soap12:Envelope xmlns:xsi=&quot;http://www.w3.org/2001/XMLSchema-instance&quot; xmlns:xsd=&quot;http://www.w3.org/2001/XMLSchema&quot; xmlns:soap12=&quot;http://www.w3.org/2003/05/soap-envelope&quot;&gt;
  &lt;soap12:Body&gt;
    &lt;GetCompactData xmlns=&quot;http://stats.oecd.org/OECDStatWS/SDMX/&quot;&gt;
      &lt;QueryMessage&gt;&lt;message:QueryMessage xmlns:message=&quot;http://www.SDMX.org/resources/SDMXML/schemas/v2_0/message&quot;&gt;&lt;Header xmlns=&quot;http://www.SDMX.org/resources/SDMXML/schemas/v2_0/message&quot;&gt;&lt;message:ID&gt;none&lt;/message:ID&gt;&lt;message:Test&gt;false&lt;/message:Test&gt;&lt;message:Prepared&gt;2016-08-19T00:11:33+08:00&lt;/message:Prepared&gt;&lt;message:Sender id=&quot;Sdmx-Sax&quot; /&gt;&lt;message:Receiver id=&quot;ABS&quot; /&gt;&lt;/Header&gt;&lt;message:Query&gt;&lt;DataWhere xmlns=&quot;http://www.SDMX.org/resources/SDMXML/schemas/v2_0/query&quot;&gt;&lt;And&gt;&lt;DataSet&gt;ATSI_BIRTHS_SUMM&lt;/DataSet&gt;&lt;Time&gt;&lt;StartTime&gt;1000-02-01&lt;/StartTime&gt;&lt;EndTime&gt;2020-04-19&lt;/EndTime&gt;&lt;/Time&gt;&lt;Or&gt;&lt;Dimension id=&quot;INDIGENOUS_STATUS&quot;&gt;IM&lt;/Dimension&gt;&lt;Dimension id=&quot;INDIGENOUS_STATUS&quot;&gt;IM&lt;/Dimension&gt;&lt;Dimension id=&quot;INDIGENOUS_STATUS&quot;&gt;IB&lt;/Dimension&gt;&lt;/Or&gt;&lt;Or&gt;&lt;Dimension id=&quot;ASGS_2011&quot;&gt;2&lt;/Dimension&gt;&lt;/Or&gt;&lt;Or&gt;&lt;Dimension id=&quot;FREQUENCY&quot;&gt;A&lt;/Dimension&gt;&lt;/Or&gt;&lt;Or&gt;&lt;Dimension id=&quot;MEASURE&quot;&gt;1&lt;/Dimension&gt;&lt;Dimension id=&quot;MEASURE&quot;&gt;4&lt;/Dimension&gt;&lt;Dimension id=&quot;MEASURE&quot;&gt;5&lt;/Dimension&gt;&lt;Dimension id=&quot;MEASURE&quot;&gt;7&lt;/Dimension&gt;&lt;Dimension id=&quot;MEASURE&quot;&gt;8&lt;/Dimension&gt;&lt;Dimension id=&quot;MEASURE&quot;&gt;9&lt;/Dimension&gt;&lt;Dimension id=&quot;MEASURE&quot;&gt;10&lt;/Dimension&gt;&lt;Dimension id=&quot;MEASURE&quot;&gt;13&lt;/Dimension&gt;&lt;Dimension id=&quot;MEASURE&quot;&gt;14&lt;/Dimension&gt;&lt;Dimension id=&quot;MEASURE&quot;&gt;15&lt;/Dimension&gt;&lt;Dimension id=&quot;MEASURE&quot;&gt;18&lt;/Dimension&gt;&lt;Dimension id=&quot;MEASURE&quot;&gt;19&lt;/Dimension&gt;&lt;Dimension id=&quot;MEASURE&quot;&gt;20&lt;/Dimension&gt;&lt;/Or&gt;&lt;/And&gt;&lt;/DataWhere&gt;&lt;/message:Query&gt;&lt;/message:QueryMessage&gt;
&lt;/QueryMessage&gt;
&lt;/GetCompactData&gt;
&lt;/soap12:Body&gt;
&lt;/soap12:Envelope&gt;
Header=&lt;message:CompactData xmlns=&quot;http://www.SDMX.org/resources/SDMXML/schemas/v2_0/message&quot; xmlns:common=&quot;http://www.SDMX.org/resources/SDMXML/schemas/v2_0/common&quot; xmlns:compact=&quot;http://www.SDMX.org/resources/SDMXML/schemas/v2_0/compact&quot; xmlns:ABS=&quot;http://oecd.stat.org/Data&quot; xmlns:xsi=&quot;http://www.w3.org/2001/XMLSchema-instance&quot; xsi:schemaLocation=&quot;http://www.SDMX.org/resources/SDMXML/schemas/v2_0/message http://www.sdmx.org/docs/2_0/SDMXMessage.xsd http://oecd.stat.org/Data http://stat.data.abs.gov.au/restsdmx/sdmx.ashx/GetSchema/ATSI_BIRTHS_SUMM&quot; xmlns:message=&quot;http://www.SDMX.org/resources/SDMXML/schemas/v2_0/message&quot;&gt;&lt;Header&gt;&lt;ID&gt;none&lt;/ID&gt;&lt;Test&gt;false&lt;/Test&gt;&lt;Truncated&gt;false&lt;/Truncated&gt;&lt;Prepared&gt;2020-03-19T13:23:21&lt;/Prepared&gt;&lt;Sender id=&quot;ABS&quot;&gt;&lt;Name xml:lang=&quot;en&quot;&gt;Australian Bureau of Statistics&lt;/Name&gt;&lt;Name xml:lang=&quot;fr&quot;&gt;Australian Bureau of Statistics&lt;/Name&gt;&lt;/Sender&gt;&lt;/Header&gt;&lt;ABS:DataSet keyFamilyURI=&quot;http://stat.data.abs.gov.au/restsdmx/sdmx.ashx/GetKeyFamily/ATSI_BIRTHS_SUMM&quot; xmlns:ABS=&quot;http://oecd.stat.org/Data&quot;&gt;&lt;ABS:Series MEASURE=&quot;1&quot; INDIGENOUS_STATUS=&quot;IM&quot; ASGS_2011=&quot;2&quot; FREQUENCY=&quot;A&quot; TIME_FORMAT=&quot;P1Y&quot; UNIT=&quot;NUM&quot; POWERCODE=&quot;0&quot;&gt;&lt;ABS:Obs TIME=&quot;2001&quot; OBS_VALUE=&quot;302&quot; /&gt;&lt;ABS:Obs TIME=&quot;2002&quot; OBS_VALUE=&quot;344&quot; /&gt;&lt;ABS:Obs TIME=&quot;2003&quot; OBS_VALUE=&quot;435&quot; /&gt;&lt;ABS:Obs TIME=&quot;2004&quot; OBS_VALUE=&quot;429&quot; /&gt;&lt;ABS:Obs TIME=&quot;2005&quot; OBS_VALUE=&quot;484&quot; /&gt;&lt;ABS:Obs TIME=&quot;2006&quot; OBS_VALUE=&quot;459&quot; /&gt;&lt;ABS:Obs TIME=&quot;2007&quot; OBS_VALUE=&quot;638&quot; /&gt;&lt;ABS:Obs TIME=&quot;2008&quot; OBS_VALUE=&quot;649&quot; /&gt;&lt;ABS:Obs TIME=&quot;2009&quot; OBS_VALUE=&quot;679&quot; /&gt;&lt;ABS:Obs TIME=&quot;2010&quot; OBS_VALUE=&quot;592&quot; /&gt;&lt;ABS:Obs TIME=&quot;2011&quot; OBS_VALUE=&quot;738&quot; /&gt;&lt;ABS:Obs TIME=&quot;2012&quot; OBS_VALUE=&quot;828&quot; /&gt;&lt;ABS:Obs TIME=&quot;2013&quot; OBS_VALUE=&quot;865&quot; /&gt;&lt;ABS:Obs TIME=&quot;2014&quot; OBS_VALUE=&quot;851&quot; /&gt;&lt;ABS:Obs TIME=&quot;2015&quot; OBS_VALUE=&quot;773&quot; /&gt;&lt;ABS:Obs TIME=&quot;2016&quot; OBS_VALUE=&quot;923&quot; /&gt;&lt;ABS:Obs TIME=&quot;2017&quot; OBS_VALUE=&quot;1045&quot; /&gt;&lt;ABS:Obs TIME=&quot;2018&quot; OBS_VALUE=&quot;1053&quot; /&gt;&lt;/ABS:Series&gt;&lt;ABS:Series MEASURE=&quot;4&quot; INDIGENOUS_STATUS=&quot;IM&quot; ASGS_2011=&quot;2&quot; FREQUENCY=&quot;A&quot; TIME_FORMAT=&quot;P1Y&quot; UNIT=&quot;NUM&quot; POWERCODE=&quot;0&quot;&gt;&lt;ABS:Obs TIME=&quot;2001&quot; OBS_VALUE=&quot;163&quot; /&gt;&lt;ABS:Obs TIME=&quot;2002&quot; OBS_VALUE=&quot;167&quot; /&gt;&lt;ABS:Obs TIME=&quot;2003&quot; OBS_VALUE=&quot;234&quot; /&gt;&lt;ABS:Obs TIME=&quot;2004&quot; OBS_VALUE=&quot;203&quot; /&gt;&lt;ABS:Obs TIME=&quot;2005&quot; OBS_VALUE=&quot;237&quot; /&gt;&lt;ABS:Obs TIME=&quot;2006&quot; OBS_VALUE=&quot;218&quot; /&gt;&lt;ABS:Obs TIME=&quot;2007&quot; OBS_VALUE=&quot;343&quot; /&gt;&lt;ABS:Obs TIME=&quot;2008&quot; OBS_VALUE=&quot;350&quot; /&gt;&lt;ABS:Obs TIME=&quot;2009&quot; OBS_VALUE=&quot;354&quot; /&gt;&lt;ABS:Obs TIME=&quot;2010&quot; OBS_VALUE=&quot;312&quot; /&gt;&lt;ABS:Obs TIME=&quot;2011&quot; OBS_VALUE=&quot;371&quot; /&gt;&lt;ABS:Obs TIME=&quot;2012&quot; OBS_VALUE=&quot;409&quot; /&gt;&lt;ABS:Obs TIME=&quot;2013&quot; OBS_VALUE=&quot;440&quot; /&gt;&lt;ABS:Obs TIME=&quot;2014&quot; OBS_VALUE=&quot;436&quot; /&gt;&lt;ABS:Obs TIME=&quot;2015&quot; OBS_VALUE=&quot;409&quot; /&gt;&lt;ABS:Obs TIME=&quot;2016&quot; OBS_VALUE=&quot;458&quot; /&gt;&lt;ABS:Obs TIME=&quot;2017&quot; OBS_VALUE=&quot;536&quot; /&gt;&lt;ABS:Obs TIME=&quot;2018&quot; OBS_VALUE=&quot;548&quot; /&gt;&lt;/ABS:Series&gt;&lt;ABS:Series MEASURE=&quot;5&quot; INDIGENOUS_STATUS=&quot;IM&quot; ASGS_2011=&quot;2&quot; FREQUENCY=&quot;A&quot; TIME_FORMAT=&quot;P1Y&quot; UNIT=&quot;NUM&quot; POWERCODE=&quot;0&quot;&gt;&lt;ABS:Obs TIME=&quot;2001&quot; OBS_VALUE=&quot;139&quot; /&gt;&lt;ABS:Obs TIME=&quot;2002&quot; OBS_VALUE=&quot;177&quot; /&gt;&lt;ABS:Obs TIME=&quot;2003&quot; OBS_VALUE=&quot;201&quot; /&gt;&lt;ABS:Obs TIME=&quot;2004&quot; OBS_VALUE=&quot;226&quot; /&gt;&lt;ABS:Obs TIME=&quot;2005&quot; OBS_VALUE=&quot;247&quot; /&gt;&lt;ABS:Obs TIME=&quot;2006&quot; OBS_VALUE=&quot;241&quot; /&gt;&lt;ABS:Obs TIME=&quot;2007&quot; OBS_VALUE=&quot;295&quot; /&gt;&lt;ABS:Obs TIME=&quot;2008&quot; OBS_VALUE=&quot;299&quot; /&gt;&lt;ABS:Obs TIME=&quot;2009&quot; OBS_VALUE=&quot;325&quot; /&gt;&lt;ABS:Obs TIME=&quot;2010&quot; OBS_VALUE=&quot;280&quot; /&gt;&lt;ABS:Obs TIME=&quot;2011&quot; OBS_VALUE=&quot;367&quot; /&gt;&lt;ABS:Obs TIME=&quot;2012&quot; OBS_VALUE=&quot;419&quot; /&gt;&lt;ABS:Obs TIME=&quot;2013&quot; OBS_VALUE=&quot;425&quot; /&gt;&lt;ABS:Obs TIME=&quot;2014&quot; OBS_VALUE=&quot;415&quot; /&gt;&lt;ABS:Obs TIME=&quot;2015&quot; OBS_VALUE=&quot;364&quot; /&gt;&lt;ABS:Obs TIME=&quot;2016&quot; OBS_VALUE=&quot;465&quot; /&gt;&lt;ABS:Obs TIME=&quot;2017&quot; OBS_VALUE=&quot;509&quot; /&gt;&lt;ABS:Obs TIME=&quot;2018&quot; OBS_VALUE=&quot;505&quot; /&gt;&lt;/ABS:Series&gt;&lt;ABS:Series MEASURE=&quot;7&quot; INDIGENOUS_STATUS=&quot;IM&quot; ASGS_2011=&quot;2&quot; FREQUENCY=&quot;A&quot; TIME_FORMAT=&quot;P1Y&quot; UNIT=&quot;PCT&quot; POWERCODE=&quot;0&quot;&gt;&lt;ABS:Obs TIME=&quot;2001&quot; OBS_VALUE=&quot;22&quot; /&gt;&lt;ABS:Obs TIME=&quot;2002&quot; OBS_VALUE=&quot;21&quot; /&gt;&lt;ABS:Obs TIME=&quot;2003&quot; OBS_VALUE=&quot;19&quot; /&gt;&lt;ABS:Obs TIME=&quot;2004&quot; OBS_VALUE=&quot;18&quot; /&gt;&lt;ABS:Obs TIME=&quot;2005&quot; OBS_VALUE=&quot;20&quot; /&gt;&lt;ABS:Obs TIME=&quot;2006&quot; OBS_VALUE=&quot;20&quot; /&gt;&lt;ABS:Obs TIME=&quot;2007&quot; OBS_VALUE=&quot;21&quot; /&gt;&lt;ABS:Obs TIME=&quot;2008&quot; OBS_VALUE=&quot;22&quot; /&gt;&lt;ABS:Obs TIME=&quot;2009&quot; OBS_VALUE=&quot;22&quot; /&gt;&lt;ABS:Obs TIME=&quot;2010&quot; OBS_VALUE=&quot;21&quot; /&gt;&lt;ABS:Obs TIME=&quot;2011&quot; OBS_VALUE=&quot;22&quot; /&gt;&lt;ABS:Obs TIME=&quot;2012&quot; OBS_VALUE=&quot;15&quot; /&gt;&lt;ABS:Obs TIME=&quot;2013&quot; OBS_VALUE=&quot;18&quot; /&gt;&lt;ABS:Obs TIME=&quot;2014&quot; OBS_VALUE=&quot;18&quot; /&gt;&lt;ABS:Obs TIME=&quot;2015&quot; OBS_VALUE=&quot;17&quot; /&gt;&lt;ABS:Obs TIME=&quot;2016&quot; OBS_VALUE=&quot;19&quot; /&gt;&lt;ABS:Obs TIME=&quot;2017&quot; OBS_VALUE=&quot;17&quot; /&gt;&lt;ABS:Obs TIME=&quot;2018&quot; OBS_VALUE=&quot;18&quot; /&gt;&lt;/ABS:Series&gt;&lt;ABS:Series MEASURE=&quot;8&quot; INDIGENOUS_STATUS=&quot;IM&quot; ASGS_2011=&quot;2&quot; FREQUENCY=&quot;A&quot; TIME_FORMAT=&quot;P1Y&quot; UNIT=&quot;PCT&quot; POWERCODE=&quot;0&quot;&gt;&lt;ABS:Obs TIME=&quot;2001&quot; OBS_VALUE=&quot;78&quot; /&gt;&lt;ABS:Obs TIME=&quot;2002&quot; OBS_VALUE=&quot;79&quot; /&gt;&lt;ABS:Obs TIME=&quot;2003&quot; OBS_VALUE=&quot;81&quot; /&gt;&lt;ABS:Obs TIME=&quot;2004&quot; OBS_VALUE=&quot;82&quot; /&gt;&lt;ABS:Obs TIME=&quot;2005&quot; OBS_VALUE=&quot;80&quot; /&gt;&lt;ABS:Obs TIME=&quot;2006&quot; OBS_VALUE=&quot;80&quot; /&gt;&lt;ABS:Obs TIME=&quot;2007&quot; OBS_VALUE=&quot;79&quot; /&gt;&lt;ABS:Obs TIME=&quot;2008&quot; OBS_VALUE=&quot;78&quot; /&gt;&lt;ABS:Obs TIME=&quot;2009&quot; OBS_VALUE=&quot;78&quot; /&gt;&lt;ABS:Obs TIME=&quot;2010&quot; OBS_VALUE=&quot;79&quot; /&gt;&lt;ABS:Obs TIME=&quot;2011&quot; OBS_VALUE=&quot;78&quot; /&gt;&lt;ABS:Obs TIME=&quot;2012&quot; OBS_VALUE=&quot;85&quot; /&gt;&lt;ABS:Obs TIME=&quot;2013&quot; OBS_VALUE=&quot;82&quot; /&gt;&lt;ABS:Obs TIME=&quot;2014&quot; OBS_VALUE=&quot;82&quot; /&gt;&lt;ABS:Obs TIME=&quot;2015&quot; OBS_VALUE=&quot;83&quot; /&gt;&lt;ABS:Obs TIME=&quot;2016&quot; OBS_VALUE=&quot;81&quot; /&gt;&lt;ABS:Obs TIME=&quot;2017&quot; OBS_VALUE=&quot;83&quot; /&gt;&lt;ABS:Obs TIME=&quot;2018&quot; OBS_VALUE=&quot;82&quot; /&gt;&lt;/ABS:Series&gt;&lt;ABS:Series MEASURE=&quot;9&quot; INDIGENOUS_STATUS=&quot;IM&quot; ASGS_2011=&quot;2&quot; FREQUENCY=&quot;A&quot; TIME_FORMAT=&quot;P1Y&quot; UNIT=&quot;PCT&quot; POWERCODE=&quot;0&quot;&gt;&lt;ABS:Obs TIME=&quot;2001&quot; OBS_VALUE=&quot;70&quot; /&gt;&lt;ABS:Obs TIME=&quot;2002&quot; OBS_VALUE=&quot;71&quot; /&gt;&lt;ABS:Obs TIME=&quot;2003&quot; OBS_VALUE=&quot;73&quot; /&gt;&lt;ABS:Obs TIME=&quot;2004&quot; OBS_VALUE=&quot;72&quot; /&gt;&lt;ABS:Obs TIME=&quot;2005&quot; OBS_VALUE=&quot;75&quot; /&gt;&lt;ABS:Obs TIME=&quot;2006&quot; OBS_VALUE=&quot;74&quot; /&gt;&lt;ABS:Obs TIME=&quot;2007&quot; OBS_VALUE=&quot;72&quot; /&gt;&lt;ABS:Obs TIME=&quot;2008&quot; OBS_VALUE=&quot;70&quot; /&gt;&lt;ABS:Obs TIME=&quot;2009&quot; OBS_VALUE=&quot;70&quot; /&gt;&lt;ABS:Obs TIME=&quot;2010&quot; OBS_VALUE=&quot;69&quot; /&gt;&lt;ABS:Obs TIME=&quot;2011&quot; OBS_VALUE=&quot;64&quot; /&gt;&lt;ABS:Obs TIME=&quot;2012&quot; OBS_VALUE=&quot;72&quot; /&gt;&lt;ABS:Obs TIME=&quot;2013&quot; OBS_VALUE=&quot;71&quot; /&gt;&lt;ABS:Obs TIME=&quot;2014&quot; OBS_VALUE=&quot;70&quot; /&gt;&lt;ABS:Obs TIME=&quot;2015&quot; OBS_VALUE=&quot;73&quot; /&gt;&lt;ABS:Obs TIME=&quot;2016&quot; OBS_VALUE=&quot;72&quot; /&gt;&lt;ABS:Obs TIME=&quot;2017&quot; OBS_VALUE=&quot;71&quot; /&gt;&lt;ABS:Obs TIME=&quot;2018&quot; OBS_VALUE=&quot;68&quot; /&gt;&lt;/ABS:Series&gt;&lt;ABS:Series MEASURE=&quot;10&quot; INDIGENOUS_STATUS=&quot;IM&quot; ASGS_2011=&quot;2&quot; FREQUENCY=&quot;A&quot; TIME_FORMAT=&quot;P1Y&quot; UNIT=&quot;PCT&quot; POWERCODE=&quot;0&quot;&gt;&lt;ABS:Obs TIME=&quot;2001&quot; OBS_VALUE=&quot;8&quot; /&gt;&lt;ABS:Obs TIME=&quot;2002&quot; OBS_VALUE=&quot;9&quot; /&gt;&lt;ABS:Obs TIME=&quot;2003&quot; OBS_VALUE=&quot;8&quot; /&gt;&lt;ABS:Obs TIME=&quot;2004&quot; OBS_VALUE=&quot;10&quot; /&gt;&lt;ABS:Obs TIME=&quot;2005&quot; OBS_VALUE=&quot;6&quot; /&gt;&lt;ABS:Obs TIME=&quot;2006&quot; OBS_VALUE=&quot;6&quot; /&gt;&lt;ABS:Obs TIME=&quot;2007&quot; OBS_VALUE=&quot;7&quot; /&gt;&lt;ABS:Obs TIME=&quot;2008&quot; OBS_VALUE=&quot;8&quot; /&gt;&lt;ABS:Obs TIME=&quot;2009&quot; OBS_VALUE=&quot;9&quot; /&gt;&lt;ABS:Obs TIME=&quot;2010&quot; OBS_VALUE=&quot;10&quot; /&gt;&lt;ABS:Obs TIME=&quot;2011&quot; OBS_VALUE=&quot;14&quot; /&gt;&lt;ABS:Obs TIME=&quot;2012&quot; OBS_VALUE=&quot;12&quot; /&gt;&lt;ABS:Obs TIME=&quot;2013&quot; OBS_VALUE=&quot;12&quot; /&gt;&lt;ABS:Obs TIME=&quot;2014&quot; OBS_VALUE=&quot;12&quot; /&gt;&lt;ABS:Obs TIME=&quot;2015&quot; OBS_VALUE=&quot;9&quot; /&gt;&lt;ABS:Obs TIME=&quot;2016&quot; OBS_VALUE=&quot;9&quot; /&gt;&lt;ABS:Obs TIME=&quot;2017&quot; OBS_VALUE=&quot;12&quot; /&gt;&lt;ABS:Obs TIME=&quot;2018&quot; OBS_VALUE=&quot;14&quot; /&gt;&lt;/ABS:Series&gt;&lt;ABS:Series MEASURE=&quot;13&quot; INDIGENOUS_STATUS=&quot;IM&quot; ASGS_2011=&quot;2&quot; FREQUENCY=&quot;A&quot; TIME_FORMAT=&quot;P1Y&quot; UNIT=&quot;NUM&quot; POWERCODE=&quot;0&quot;&gt;&lt;ABS:Obs TIME=&quot;2001&quot; OBS_VALUE=&quot;300&quot; /&gt;&lt;ABS:Obs TIME=&quot;2002&quot; OBS_VALUE=&quot;341&quot; /&gt;&lt;ABS:Obs TIME=&quot;2003&quot; OBS_VALUE=&quot;429&quot; /&gt;&lt;ABS:Obs TIME=&quot;2004&quot; OBS_VALUE=&quot;421&quot; /&gt;&lt;ABS:Obs TIME=&quot;2005&quot; OBS_VALUE=&quot;477&quot; /&gt;&lt;ABS:Obs TIME=&quot;2006&quot; OBS_VALUE=&quot;456&quot; /&gt;&lt;ABS:Obs TIME=&quot;2007&quot; OBS_VALUE=&quot;631&quot; /&gt;&lt;ABS:Obs TIME=&quot;2008&quot; OBS_VALUE=&quot;643&quot; /&gt;&lt;ABS:Obs TIME=&quot;2009&quot; OBS_VALUE=&quot;672&quot; /&gt;&lt;ABS:Obs TIME=&quot;2010&quot; OBS_VALUE=&quot;584&quot; /&gt;&lt;ABS:Obs TIME=&quot;2011&quot; OBS_VALUE=&quot;729&quot; /&gt;&lt;ABS:Obs TIME=&quot;2012&quot; OBS_VALUE=&quot;817&quot; /&gt;&lt;ABS:Obs TIME=&quot;2013&quot; OBS_VALUE=&quot;859&quot; /&gt;&lt;ABS:Obs TIME=&quot;2014&quot; OBS_VALUE=&quot;841&quot; /&gt;&lt;ABS:Obs TIME=&quot;2015&quot; OBS_VALUE=&quot;762&quot; /&gt;&lt;ABS:Obs TIME=&quot;2016&quot; OBS_VALUE=&quot;914&quot; /&gt;&lt;ABS:Obs TIME=&quot;2017&quot; OBS_VALUE=&quot;1033&quot; /&gt;&lt;ABS:Obs TIME=&quot;2018&quot; OBS_VALUE=&quot;1032&quot; /&gt;&lt;/ABS:Series&gt;&lt;ABS:Series MEASURE=&quot;14&quot; INDIGENOUS_STATUS=&quot;IM&quot; ASGS_2011=&quot;2&quot; FREQUENCY=&quot;A&quot; TIME_FORMAT=&quot;P1Y&quot; UNIT=&quot;YEARS&quot; POWERCODE=&quot;0&quot;&gt;&lt;ABS:Obs TIME=&quot;2001&quot; OBS_VALUE=&quot;25.7&quot; /&gt;&lt;ABS:Obs TIME=&quot;2002&quot; OBS_VALUE=&quot;26.7&quot; /&gt;&lt;ABS:Obs TIME=&quot;2003&quot; OBS_VALUE=&quot;25.9&quot; /&gt;&lt;ABS:Obs TIME=&quot;2004&quot; OBS_VALUE=&quot;24.9&quot; /&gt;&lt;ABS:Obs TIME=&quot;2005&quot; OBS_VALUE=&quot;25.5&quot; /&gt;&lt;ABS:Obs TIME=&quot;2006&quot; OBS_VALUE=&quot;25.4&quot; /&gt;&lt;ABS:Obs TIME=&quot;2007&quot; OBS_VALUE=&quot;26&quot; /&gt;&lt;ABS:Obs TIME=&quot;2008&quot; OBS_VALUE=&quot;25.8&quot; /&gt;&lt;ABS:Obs TIME=&quot;2009&quot; OBS_VALUE=&quot;26&quot; /&gt;&lt;ABS:Obs TIME=&quot;2010&quot; OBS_VALUE=&quot;26.5&quot; /&gt;&lt;ABS:Obs TIME=&quot;2011&quot; OBS_VALUE=&quot;26.1&quot; /&gt;&lt;ABS:Obs TIME=&quot;2012&quot; OB
Inserting 414 obs
&lt;soap12:Envelope xmlns:xsi=&quot;http://www.w3.org/2001/XMLSchema-instance&quot; xmlns:xsd=&quot;http://www.w3.org/2001/XMLSchema&quot; xmlns:soap12=&quot;http://www.w3.org/2003/05/soap-envelope&quot;&gt;
  &lt;soap12:Body&gt;
    &lt;GetCompactData xmlns=&quot;http://stats.oecd.org/OECDStatWS/SDMX/&quot;&gt;
      &lt;QueryMessage&gt;&lt;message:QueryMessage xmlns:message=&quot;http://www.SDMX.org/resources/SDMXML/schemas/v2_0/message&quot;&gt;&lt;Header xmlns=&quot;http://www.SDMX.org/resources/SDMXML/schemas/v2_0/message&quot;&gt;&lt;message:ID&gt;none&lt;/message:ID&gt;&lt;message:Test&gt;false&lt;/message:Test&gt;&lt;message:Prepared&gt;2016-08-19T00:11:33+08:00&lt;/message:Prepared&gt;&lt;message:Sender id=&quot;Sdmx-Sax&quot; /&gt;&lt;message:Receiver id=&quot;ABS&quot; /&gt;&lt;/Header&gt;&lt;message:Query&gt;&lt;DataWhere xmlns=&quot;http://www.SDMX.org/resources/SDMXML/schemas/v2_0/query&quot;&gt;&lt;And&gt;&lt;DataSet&gt;ATSI_BIRTHS_SUMM&lt;/DataSet&gt;&lt;Time&gt;&lt;StartTime&gt;1000-02-01&lt;/StartTime&gt;&lt;EndTime&gt;2020-04-19&lt;/EndTime&gt;&lt;/Time&gt;&lt;Or&gt;&lt;Dimension id=&quot;INDIGENOUS_STATUS&quot;&gt;IM&lt;/Dimension&gt;&lt;Dimension id=&quot;INDIGENOUS_STATUS&quot;&gt;IM&lt;/Dimension&gt;&lt;Dimension id=&quot;INDIGENOUS_STATUS&quot;&gt;IB&lt;/Dimension&gt;&lt;/Or&gt;&lt;Or&gt;&lt;Dimension id=&quot;ASGS_2011&quot;&gt;3&lt;/Dimension&gt;&lt;/Or&gt;&lt;Or&gt;&lt;Dimension id=&quot;FREQUENCY&quot;&gt;A&lt;/Dimension&gt;&lt;/Or&gt;&lt;Or&gt;&lt;Dimension id=&quot;MEASURE&quot;&gt;1&lt;/Dimension&gt;&lt;Dimension id=&quot;MEASURE&quot;&gt;4&lt;/Dimension&gt;&lt;Dimension id=&quot;MEASURE&quot;&gt;5&lt;/Dimension&gt;&lt;Dimension id=&quot;MEASURE&quot;&gt;7&lt;/Dimension&gt;&lt;Dimension id=&quot;MEASURE&quot;&gt;8&lt;/Dimension&gt;&lt;Dimension id=&quot;MEASURE&quot;&gt;9&lt;/Dimension&gt;&lt;Dimension id=&quot;MEASURE&quot;&gt;10&lt;/Dimension&gt;&lt;Dimension id=&quot;MEASURE&quot;&gt;13&lt;/Dimension&gt;&lt;Dimension id=&quot;MEASURE&quot;&gt;14&lt;/Dimension&gt;&lt;Dimension id=&quot;MEASURE&quot;&gt;15&lt;/Dimension&gt;&lt;Dimension id=&quot;MEASURE&quot;&gt;18&lt;/Dimension&gt;&lt;Dimension id=&quot;MEASURE&quot;&gt;19&lt;/Dimension&gt;&lt;Dimension id=&quot;MEASURE&quot;&gt;20&lt;/Dimension&gt;&lt;/Or&gt;&lt;/And&gt;&lt;/DataWhere&gt;&lt;/message:Query&gt;&lt;/message:QueryMessage&gt;
&lt;/QueryMessage&gt;
&lt;/GetCompactData&gt;
&lt;/soap12:Body&gt;
&lt;/soap12:Envelope&gt;
[...]
=&quot;2006&quot; OBS_VALUE=&quot;13.36&quot; /&gt;&lt;ABS:Obs TIME=&quot;2007&quot; OBS_VALUE=&quot;12.02&quot; /&gt;&lt;ABS:Obs TIME=&quot;2008&quot; OBS_VALUE=&quot;10.45&quot; /&gt;&lt;ABS:Obs TIME=&quot;2009&quot; OBS_VALUE=&quot;9.05&quot; /&gt;&lt;ABS:Obs TIME=&quot;2010&quot; OBS_VALUE=&quot;8.18&quot; /&gt;&lt;ABS:Obs TIME=&quot;2011&quot; OBS_VALUE=&quot;7.17&quot; /&gt;&lt;ABS:Obs TIME=&quot;2012&quot; OBS_VALUE=&quot;6.2&quot; /&gt;&lt;ABS:Obs TIME=&quot;2013&quot; OBS_VALUE=&quot;5.52&quot; /&gt;&lt;ABS:Obs TIME=&quot;2014&quot; OBS_VALUE=&quot;4.94&quot; /&gt;&lt;ABS:Obs TIME=&quot;2015&quot; OBS_VALUE=&quot;3.95&quot; /&gt;&lt;ABS:Obs TIME=&quot;2016&quot; OBS_VALUE=&quot;3.62&quot; /&gt;&lt;/ABS:Series&gt;&lt;ABS:Series TYP=&quot;1&quot; MEA=&quot;2&quot; BEVT=&quot;1&quot; SUB=&quot;4&quot; FREQUENCY=&quot;A&quot; TIME_FORMAT=&quot;P1Y&quot;&gt;&lt;ABS:Obs TIME=&quot;2001&quot; OBS_VALUE=&quot;0.46&quot; /&gt;&lt;ABS:Obs TIME=&quot;2002&quot; OBS_VALUE=&quot;0.45&quot; /&gt;&lt;ABS:Obs TIME=&quot;2003&quot; OBS_VALUE=&quot;0.49&quot; /&gt;&lt;ABS:Obs TIME=&quot;2004&quot; OBS_VALUE=&quot;0.54&quot; /&gt;&lt;ABS:Obs TIME=&quot;2005&quot; OBS_VALUE=&quot;0.52&quot; /&gt;&lt;ABS:Obs TIME=&quot;2006&quot; OBS_VALUE=&quot;0.54&quot; /&gt;&lt;ABS:Obs TIME=&quot;2007&quot; OBS_VALUE=&quot;0.56&quot; /&gt;&lt;ABS:Obs TIME=&quot;2008&quot; OBS_VALUE=&quot;0.56&quot; /&gt;&lt;ABS:Obs TIME=&quot;2009&quot; OBS_VALUE=&quot;0.57&quot; /&gt;&lt;ABS:Obs TIME=&quot;2010&quot; OBS_VALUE=&quot;0.57&quot; /&gt;&lt;ABS:Obs TIME=&quot;2011&quot; OBS_VALUE=&quot;0.57&quot; /&gt;&lt;ABS:Obs TIME=&quot;2012&quot; OBS_VALUE=&quot;0.57&quot; /&gt;&lt;ABS:Obs TIME=&quot;2013&quot; OBS_VALUE=&quot;0.58&quot; /&gt;&lt;ABS:Obs TIME=&quot;2014&quot; OBS_VALUE=&quot;0.61&quot; /&gt;&lt;ABS:Obs TIME=&quot;2015&quot; OBS_VALUE=&quot;0.58&quot; /&gt;&lt;ABS:Obs TIME=&quot;2016&quot; OBS_VALUE=&quot;0.63&quot; /&gt;&lt;/ABS:Series&gt;&lt;ABS:Series TYP=&quot;2&quot; MEA=&quot;2&quot; BEVT=&quot;1&quot; SUB=&quot;4&quot; FREQUENCY=&quot;A&quot; TIME_FORMAT=&quot;P1Y&quot;&gt;&lt;ABS:Obs TIME=&quot;2001&quot; OBS_VALUE=&quot;13.03&quot; /&gt;&lt;ABS:Obs TIME=&quot;2002&quot; OBS_VALUE=&quot;13.21&quot; /&gt;&lt;ABS:Obs TIME=&quot;2003&quot; OBS_VALUE=&quot;13.93&quot; /&gt;&lt;ABS:Obs TIME=&quot;2004&quot; OBS_VALUE=&quot;15.7&quot; /&gt;&lt;ABS:Obs TIME=&quot;2005&quot; OBS_VALUE=&quot;15&quot; /&gt;&lt;ABS:Obs TIME=&quot;2006&quot; OBS_VALUE=&quot;15.42&quot; /&gt;&lt;ABS:Obs TIME=&quot;2007&quot; OBS_VALUE=&quot;16.14&quot; /&gt;&lt;ABS:Obs TIME=&quot;2008&quot; OBS_VALUE=&quot;16.04&quot; /&gt;&lt;ABS:Obs TIME=&quot;2009&quot; OBS_VALUE=&quot;16.25&quot; /&gt;&lt;ABS:Obs TIME=&quot;2010&quot; OBS_VALUE=&quot;16.39&quot; /&gt;&lt;ABS:Obs TIME=&quot;2011&quot; OBS_VALUE=&quot;16.24&quot; /&gt;&lt;ABS:Obs TIME=&quot;2012&quot; OBS_VALUE=&quot;16.26&quot; /&gt;&lt;ABS:Obs TIME=&quot;2013&quot; OBS_VALUE=&quot;16.55&quot; /&gt;&lt;ABS:Obs TIME=&quot;2014&quot; OBS_VALUE=&quot;17.39&quot; /&gt;&lt;ABS:Obs TIME=&quot;2015&quot; OBS_VALUE=&quot;16.62&quot; /&gt;&lt;ABS:Obs TIME=&quot;2016&quot; OBS_VALUE=&quot;17.95&quot; /&gt;&lt;/ABS:Series&gt;&lt;ABS:Series TYP=&quot;1&quot; MEA=&quot;2&quot; BEVT=&quot;1&quot; SUB=&quot;5&quot; FREQUENCY=&quot;A&quot; TIME_FORMAT=&quot;P1Y&quot;&gt;&lt;ABS:Obs TIME=&quot;2001&quot; OBS_VALUE=&quot;4.25&quot; /&gt;&lt;ABS:Obs TIME=&quot;2002&quot; OBS_VALUE=&quot;4.01&quot; /&gt;&lt;ABS:Obs TIME=&quot;2003&quot; OBS_VALUE=&quot;4.15&quot; /&gt;&lt;ABS:Obs TIME=&quot;2004&quot; OBS_VALUE=&quot;3.84&quot; /&gt;&lt;ABS:Obs TIME=&quot;2005&quot; OBS_VALUE=&quot;3.76&quot; /&gt;&lt;ABS:Obs TIME=&quot;2006&quot; OBS_VALUE=&quot;3.78&quot; /&gt;&lt;ABS:Obs TIME=&quot;2007&quot; OBS_VALUE=&quot;3.8&quot; /&gt;&lt;ABS:Obs TIME=&quot;2008&quot; OBS_VALUE=&quot;3.85&quot; /&gt;&lt;ABS:Obs TIME=&quot;2009&quot; OBS_VALUE=&quot;3.87&quot; /&gt;&lt;ABS:Obs TIME=&quot;2010&quot; OBS_VALUE=&quot;3.72&quot; /&gt;&lt;ABS:Obs TIME=&quot;2011&quot; OBS_VALUE=&quot;3.54&quot; /&gt;&lt;ABS:Obs TIME=&quot;2012&quot; OBS_VALUE=&quot;3.41&quot; /&gt;&lt;ABS:Obs TIME=&quot;2013&quot; OBS_VALUE=&quot;3.31&quot; /&gt;&lt;ABS:Obs TIME=&quot;2014&quot; OBS_VALUE=&quot;3.28&quot; /&gt;&lt;ABS:Obs TIME=&quot;2015&quot; OBS_VALUE=&quot;3.07&quot; /&gt;&lt;ABS:Obs TIME=&quot;2016&quot; OBS_VALUE=&quot;3.15&quot; /&gt;&lt;/ABS:Series&gt;&lt;ABS:Series TYP=&quot;2&quot; MEA=&quot;2&quot; BEVT=&quot;1&quot; SUB=&quot;5&quot; FREQUENCY=&quot;A&quot; TIME_FORMAT=&quot;P1Y&quot;&gt;&lt;ABS:Obs TIME=&quot;2001&quot; OBS_VALUE=&quot;89.3&quot; /&gt;&lt;ABS:Obs TIME=&quot;2002&quot; OBS_VALUE=&quot;86.16&quot; /&gt;&lt;ABS:Obs TIME=&quot;2003&quot; OBS_VALUE=&quot;86.59&quot; /&gt;&lt;ABS:Obs TIME=&quot;2004&quot; OBS_VALUE=&quot;80.86&quot; /&gt;&lt;ABS:Obs TIME=&quot;2005&quot; OBS_VALUE=&quot;79.53&quot; /&gt;&lt;ABS:Obs TIME=&quot;2006&quot; OBS_VALUE=&quot;80&quot; /&gt;&lt;ABS:Obs TIME=&quot;2007&quot; OBS_VALUE=&quot;80.53&quot; /&gt;&lt;ABS:Obs TIME=&quot;2008&quot; OBS_VALUE=&quot;81.86&quot; /&gt;&lt;ABS:Obs TIME=&quot;2009&quot; OBS_VALUE=&quot;82.69&quot; /&gt;&lt;ABS:Obs TIME=&quot;2010&quot; OBS_VALUE=&quot;80.38&quot; /&gt;&lt;ABS:Obs TIME=&quot;2011&quot; OBS_VALUE=&quot;77.17&quot; /&gt;&lt;ABS:Obs TIME=&quot;2012&quot; OBS_VALUE=&quot;74.05&quot; /&gt;&lt;ABS:Obs TIME=&quot;2013&quot; OBS_VALUE=&quot;70.95&quot; /&gt;&lt;ABS:Obs TIME=&quot;2014&quot; OBS_VALUE=&quot;70.05&quot; /&gt;&lt;ABS:Obs
Inserting 678 obs
&lt;soapenv:Envelope xmlns:soapenv=&quot;http://schemas.xmlsoap.org/soap/envelope/&quot; xmlns:sdmx=&quot;http://stats.oecd.org/OECDStatWS/SDMX/&quot;&gt;&lt;soapenv:Header/&gt;&lt;soapenv:Body&gt;&lt;sdmx:GetDataStructureDefinition&gt;&lt;!--Optional:--&gt;&lt;sdmx:QueryMessage&gt;&lt;message:QueryMessage xsi:schemaLocation=&quot;http://www.SDMX.org/resources/SDMXML/schemas/v2_0/queryhttp://www.sdmx.org/docs/2_0/SDMXQuery.xsd http://www.SDMX.org/resources/SDMXML/schemas/v2_0/message http://www.sdmx.org/docs/2_0/SDMXMessage.xsd&quot; xmlns=&quot;http://www.SDMX.org/resources/SDMXML/schemas/v2_0/query&quot; xmlns:message=&quot;http://www.SDMX.org/resources/SDMXML/schemas/v2_0/message&quot; xmlns:xsi=&quot;http://www.w3.org/2001/XMLSchema-instance&quot;&gt;&lt;Header xmlns=&quot;http://www.SDMX.org/resources/SDMXML/schemas/v2_0/message&quot;&gt;&lt;ID&gt;none&lt;/ID&gt;&lt;Test&gt;false&lt;/Test&gt;&lt;Prepared&gt;2012-06-01T09:33:53&lt;/Prepared&gt;&lt;Sender id=&quot;YourID&quot;&gt;&lt;Name xml:lang=&quot;en&quot;&gt;Your English Name&lt;/Name&gt;&lt;/Sender&gt;&lt;Receiver id=&quot;ABS&quot;&gt;&lt;Name xml:lang=&quot;en&quot;&gt;Australian Bureau of Statistics&lt;/Name&gt;&lt;Name xml:lang=&quot;fr&quot;&gt;Australian Bureau of Statistics&lt;/Name&gt;&lt;/Receiver&gt;&lt;/Header&gt;&lt;message:Query&gt;&lt;KeyFamilyWhere&gt;&lt;Or&gt;&lt;KeyFamily&gt;ABS_ACLD_LFSTATUS&lt;/KeyFamily&gt;&lt;/Or&gt;&lt;/KeyFamilyWhere&gt;&lt;/message:Query&gt;&lt;/message:QueryMessage&gt;&lt;/sdmx:QueryMessage&gt;&lt;/sdmx:GetDataStructureDefinition&gt;&lt;/soapenv:Body&gt;&lt;/soapenv:Envelope&gt;
Header=&lt;message:Structure xmlns=&quot;http://www.SDMX.org/resources/SDMXML/schemas/v2_0/structure&quot; xmlns:common=&quot;http://www.SDMX.org/resources/SDMXML/schemas/v2_0/common&quot; xsi:schemaLocation=&quot;http://www.SDMX.org/resources/SDMXML/schemas/v2_0/structure http://www.sdmx.org/docs/2_0/SDMXStructure.xsd http://www.SDMX.org/resources/SDMXML/schemas/v2_0/message http://www.sdmx.org/docs/2_0/SDMXMessage.xsd&quot; xmlns:xsi=&quot;http://www.w3.org/2001/XMLSchema-instance&quot; xmlns:message=&quot;http://www.SDMX.org/resources/SDMXML/schemas/v2_0/message&quot;&gt;&lt;Header xmlns=&quot;http://www.SDMX.org/resources/SDMXML/schemas/v2_0/message&quot;&gt;&lt;ID&gt;none&lt;!--Statistical usage warning
ABS.Stat beta is continuing to be developed.  Data will be updated as soon as possible following its 11:30 am release on the ABS website.
--&gt;&lt;/ID&gt;&lt;Test&gt;false&lt;/Test&gt;&lt;Truncated&gt;false&lt;/Truncated&gt;&lt;Prepared&gt;2020-03-19T13:26:25&lt;/Prepared&gt;&lt;Sender id=&quot;ABS&quot;&gt;&lt;Name xml:lang=&quot;en&quot;&gt;Australian Bureau of Statistics&lt;/Name&gt;&lt;Name xml:lang=&quot;fr&quot;&gt;Australian Bureau of Statistics&lt;/Name&gt;&lt;/Sender&gt;&lt;/Header&gt;&lt;message:CodeLists&gt;&lt;CodeList id=&quot;CL_ABS_ACLD_LFSTATUS_SEX_ABS&quot; agencyID=&quot;ABS&quot;&gt;&lt;Name xml:lang=&quot;en&quot;&gt;Sex&lt;/Name&gt;&lt;Name xml:lang=&quot;fr&quot;&gt;Sex&lt;/Name&gt;&lt;Code value=&quot;1&quot; parentCode=&quot;3&quot;&gt;&lt;Description xml:lang=&quot;en&quot;&gt;Males&lt;/Description&gt;&lt;Description xml:lang=&quot;fr&quot;&gt;Males&lt;/Description&gt;&lt;/Code&gt;&lt;Code value=&quot;3&quot;&gt;&lt;Description xml:lang=&quot;en&quot;&gt;Persons&lt;/Description&gt;&lt;Description xml:lang=&quot;fr&quot;&gt;Persons&lt;/Description&gt;&lt;/Code&gt;&lt;Code value=&quot;2&quot; parentCode=&quot;3&quot;&gt;&lt;Description xml:lang=&quot;en&quot;&gt;Females&lt;/Description&gt;&lt;Description xml:lang=&quot;fr&quot;&gt;Females&lt;/Description&gt;&lt;/Code&gt;&lt;/CodeList&gt;&lt;CodeList id=&quot;CL_ABS_ACLD_LFSTATUS_AGE&quot; agencyID=&quot;ABS&quot;&gt;&lt;Name xml:lang=&quot;en&quot;&gt;Age&lt;/Name&gt;&lt;Name xml:lang=&quot;fr&quot;&gt;Age&lt;/Name&gt;&lt;Code value=&quot;TT&quot;&gt;&lt;Description xml:lang=&quot;en&quot;&gt;All ages&lt;/Description&gt;&lt;Description xml:lang=&quot;fr&quot;&gt;All ages&lt;/Description&gt;&lt;/Code&gt;&lt;Code value=&quot;6599&quot;&gt;&lt;Description xml:lang=&quot;en&quot;&gt;65 and over&lt;/Description&gt;&lt;Description xml:lang=&quot;fr&quot;&gt;65 and over&lt;/Description&gt;&lt;/Code&gt;&lt;Code value=&quot;2534&quot;&gt;&lt;Description xml:lang=&quot;en&quot;&gt;25 - 34&lt;/Description&gt;&lt;Description xml:lang=&quot;fr&quot;&gt;25 - 34&lt;/Description&gt;&lt;/Code&gt;&lt;Code value=&quot;3544&quot;&gt;&lt;Description xml:lang=&quot;en&quot;&gt;35 - 44&lt;/Description&gt;&lt;Description xml:lang=&quot;fr&quot;&gt;35 - 44&lt;/Description&gt;&lt;/Code&gt;&lt;Code value=&quot;4554&quot;&gt;&lt;Description xml:lang=&quot;en&quot;&gt;45 - 54&lt;/Description&gt;&lt;Description xml:lang=&quot;fr&quot;&gt;45 - 54&lt;/Description&gt;&lt;/Code&gt;&lt;Code value=&quot;5564&quot;&gt;&lt;Description xml:lang=&quot;en&quot;&gt;55 - 64&lt;/Description&gt;&lt;Description xml:lang=&quot;fr&quot;&gt;55 - 64&lt;/Description&gt;&lt;/Code&gt;&lt;Code value=&quot;1524&quot;&gt;&lt;Description xml:lang=&quot;en&quot;&gt;15 - 24&lt;/Description&gt;&lt;Description xml:lang=&quot;fr&quot;&gt;15 - 24&lt;/Description&gt;&lt;/Code&gt;&lt;/CodeList&gt;&lt;CodeList id=&quot;CL_ABS_ACLD_LFSTATUS_ASGS_2011&quot; agencyID=&quot;ABS&quot;&gt;&lt;Name xml:lang=&quot;en&quot;&gt;Region&lt;/Name&gt;&lt;Name xml:lang=&quot;fr&quot;&gt;Region&lt;/Name&gt;&lt;Code value=&quot;0&quot;&gt;&lt;Description xml:lang=&quot;en&quot;&gt;Australia&lt;/Description&gt;&lt;Description xml:lang=&quot;fr&quot;&gt;Australia&lt;/Description&gt;&lt;/Code&gt;&lt;Code value=&quot;1&quot; parentCode=&quot;0&quot;&gt;&lt;Description xml:lang=&quot;en&quot;&gt;New South Wales&lt;/Description&gt;&lt;Description xml:lang=&quot;fr&quot;&gt;New South Wales&lt;/Description&gt;&lt;/Code&gt;&lt;Code value=&quot;2&quot; parentCode=&quot;0&quot;&gt;&lt;Description xml:lang=&quot;en&quot;&gt;Victoria&lt;/Description&gt;&lt;Description xml:lang=&quot;fr&quot;&gt;Victoria&lt;/Description&gt;&lt;/Code&gt;&lt;Code value=&quot;3&quot; parentCode=&quot;0&quot;&gt;&lt;Description xml:lang=&quot;en&quot;&gt;Queensland&lt;/Description&gt;&lt;Description xml:lang=&quot;fr&quot;&gt;Queensland&lt;/Description&gt;&lt;/Code&gt;&lt;Code value=&quot;4&quot; parentCode=&quot;0&quot;&gt;&lt;Description xml:lang=&quot;en&quot;&gt;South Australia&lt;/Description&gt;&lt;Description xml:lang=&quot;fr&quot;&gt;South Australia&lt;/Description&gt;&lt;/Code&gt;&lt;Code value=&quot;5&quot; parentCode=&quot;0&quot;&gt;&lt;Description xml:lang=&quot;en&quot;&gt;Western Australia&lt;/Description&gt;&lt;Description xml:lang=&quot;fr&quot;&gt;Western Australia&lt;/Description&gt;&lt;/Code&gt;&lt;Code value=&quot;6&quot; parentCode=&quot;0&quot;&gt;&lt;Description xml:lang=&quot;en&quot;&gt;Tasmania&lt;/Description&gt;&lt;Description xml:lang=&quot;fr&quot;&gt;Tasmania&lt;/Description&gt;&lt;/Code&gt;&lt;Code value=&quot;7&quot; parentCode=&quot;0&quot;&gt;&lt;Description xml:lang=&quot;en&quot;&gt;Northern Territory&lt;/Description&gt;&lt;Description xml:lang=&quot;fr&quot;&gt;Northern Territory&lt;/Description&gt;&lt;/Code&gt;&lt;Code value=&quot;8&quot; parentCode=&quot;0&quot;&gt;&lt;Description xml:lang=&quot;en&quot;&gt;Australian Capital Territory&lt;/Description&gt;&lt;Description xml:lang=&quot;fr&quot;&gt;Australian Capital Territory&lt;/Description&gt;&lt;/Code&gt;&lt;/CodeList&gt;&lt;CodeList id=&quot;CL_ABS_ACLD_LFSTATUS_LF_2006&quot; agencyID=&quot;ABS&quot;&gt;&lt;Name xml:lang=&quot;en&quot;&gt;Labour Force Status in 2006&lt;/Name&gt;&lt;Name xml:lang=&quot;fr&quot;&gt;Labour Force Status in 2006&lt;/Name&gt;&lt;Code value=&quot;T&quot;&gt;&lt;Description xml:lang=&quot;en&quot;&gt;Total&lt;/Description&gt;&lt;Description xml:lang=&quot;fr&quot;&gt;Total&lt;/Description&gt;&lt;/Code&gt;&lt;Code value=&quot;1&quot; parentCode=&quot;T&quot;&gt;&lt;Description xml:lang=&quot;en&quot;&gt;Employed&lt;/Description&gt;&lt;Description xml:lang=&quot;fr&quot;&gt;Employed&lt;/Description&gt;&lt;/Code&gt;&lt;Code value=&quot;2&quot; parentCode=&quot;T&quot;&gt;&lt;Description xml:lang=&quot;en&quot;&gt;Employed full-time&lt;/Description&gt;&lt;Description xml:lang=&quot;fr&quot;&gt;Employed full-time&lt;/Description&gt;&lt;/Code&gt;&lt;Code value=&quot;3&quot; parentCode=&quot;T&quot;&gt;&lt;Description xml:lang=&quot;en&quot;&gt;Employed part-time&lt;/Description&gt;&lt;Description xml:lang=&quot;fr&quot;&gt;Employed part-time&lt;/Description&gt;&lt;/Code&gt;&lt;Code value=&quot;4&quot; parentCode=&quot;T&quot;&gt;&lt;Description xml:lang=&quot;en&quot;&gt;Unemployed&lt;/Description&gt;&lt;Description xml:lang=&quot;fr&quot;&gt;Unemployed&lt;/Description&gt;&lt;/Code&gt;&lt;Code value=&quot;5&quot; parentCode=&quot;T&quot;&gt;&lt;Description xml:lang=&quot;en&quot;&gt;Not in the labour force&lt;/Description&gt;&lt;Description xml:lang=&quot;fr&quot;&gt;Not in the labour force&lt;/Description&gt;&lt;/Code&gt;&lt;/CodeList&gt;&lt;CodeList id=&quot;CL_ABS_ACLD_LFSTATUS_LF_2011&quot; agencyID=&quot;ABS&quot;&gt;&lt;Name xml:lang=&quot;en&quot;&gt;Labour Force Status in 2011&lt;/Name&gt;&lt;Name xml:lang=&quot;fr&quot;&gt;Labour Force Status in 2011&lt;/Name&gt;&lt;Code value=&quot;T&quot;&gt;&lt;Description xml:lang=&quot;en&quot;&gt;Total&lt;/Description&gt;&lt;Description xml:lang=&quot;fr&quot;&gt;Total&lt;/Description&gt;&lt;/Code&gt;&lt;Code value=&quot;1&quot; parentCode=&quot;T&quot;&gt;&lt;Description xml:lang=&quot;en&quot;&gt;Employed&lt;/Description&gt;&lt;Description xml:lang=&quot;fr&quot;&gt;Employed&lt;/Description&gt;&lt;/Code&gt;&lt;Code value=&quot;2&quot; parentCode=&quot;T&quot;&gt;&lt;Description xml:lang=&quot;en&quot;&gt;Employed full-time&lt;/Description&gt;&lt;Description xml:lang=&quot;fr&quot;&gt;Employed full-time&lt;/Description&gt;&lt;/Code&gt;&lt;Code value=&quot;3&quot; parentCode=&quot;T&quot;&gt;&lt;Description xml:lang=&quot;en&quot;&gt;Employed part-time&lt;/Description&gt;&lt;Description xml:lang=&quot;fr&quot;&gt;Employed part-time&lt;/Description&gt;&lt;/Code&gt;&lt;Code value=&quot;4&quot; parentCode=&quot;T&quot;&gt;&lt;Description xml:lang=&quot;en&quot;&gt;Unemployed&lt;/Description&gt;&lt;Description xml:lang=&quot;fr&quot;&gt;Unemployed&lt;/Description&gt;&lt;/Code&gt;&lt;Code value=&quot;5&quot; parentCode=&quot;T&quot;&gt;&lt;Description xml:lang=&quot;en&quot;&gt;Not in the labour force&lt;/Description&gt;&lt;Description xml:lang=&quot;fr&quot;&gt;Not in the labour force&lt;/Description&gt;&lt;/Code&gt;&lt;/CodeList&gt;&lt;CodeList id=&quot;CL_ABS_ACLD_LFSTATUS_OBS_STATUS&quot; agencyID=&quot;ABS&quot;&gt;&lt;Name xml:lang=&quot;en&quot;&gt;Observation Status&lt;/Name&gt;&lt;/CodeList&gt;&lt;CodeList id=&quot;CL_ABS_ACLD_LFSTATUS_TIME_FORMAT&quot; agencyID=&quot;ABS&quot;&gt;&lt;Name xml:lang=&quot;en&quot;&gt;ABS_ACLD_LFSTATUS_TIME_FORMAT codelist&lt;/Name&gt;&lt;Code value=&quot;P1Y&quot;&gt;&lt;Description xml:lang=&quot;en&quot;&gt;Annual&lt;/Description&gt;&lt;/Code&gt;&lt;Code value=&quot;P1M&quot;&gt;&lt;Description xml:lang=&quot;en&quot;&gt;Monthly&lt;/Description&gt;&lt;/Code&gt;&lt;Code value=&quot;P3M&quot;&gt;&lt;Description xml:lang=&quot;en&quot;&gt;Quarterly&lt;/Description&gt;&lt;/Code&gt;&lt;Code value=&quot;P6M&quot;&gt;&lt;Description xml:lang=&quot;en&quot;&gt;Half-yearly&lt;/Description&gt;&lt;/Code&gt;&lt;Code value=&quot;P1D&quot;&gt;&lt;Description xml:lang=&quot;en&quot;&gt;Daily&lt;/Description&gt;&lt;/Code&gt;&lt;/CodeList&gt;&lt;/message:CodeLists&gt;&lt;message:Concepts&gt;&lt;Concept id=&quot;SEX_ABS&quot; agencyID=&quot;ABS&quot;&gt;&lt;Name xml:lang=&quot;en&quot;&gt;Sex&lt;/Name&gt;&lt;Name xml:lang=&quot;fr&quot;&gt;Sex&lt;/Name&gt;&lt;/Concept&gt;&lt;Concept id=&quot;AGE&quot; agencyID=&quot;ABS&quot;&gt;&lt;Name xml:lang=&quot;en&quot;&gt;Age&lt;/Name&gt;&lt;Name xml:lang=&quot;fr&quot;&gt;Age&lt;/Name&gt;&lt;/Concept&gt;&lt;Concept id=&quot;ASGS_2011&quot; agencyID=&quot;ABS&quot;&gt;&lt;Name xml:lang=&quot;en&quot;&gt;Region&lt;/Name&gt;&lt;Name xml:lang=&quot;fr&quot;&gt;Region&lt;/Name&gt;&lt;/Concept&gt;&lt;Concept id=&quot;LF_2006&quot; agencyID=&quot;ABS&quot;&gt;&lt;Name xml:lang=&quot;en&quot;&gt;Labour Force Status in 2006&lt;/Name&gt;&lt;Name xml:lang=&quot;fr&quot;&gt;Labour Force Status in 2006&lt;/Name&gt;&lt;/Concept&gt;&lt;Concept id=&quot;LF_2011&quot; agencyID=&quot;ABS&quot;&gt;&lt;Name xml:lang=&quot;en&quot;&gt;Labour Force Status in 2011&lt;/Name&gt;&lt;Name xml:lang=&quot;fr&quot;&gt;Labour Force Status in 2011&lt;/Name&gt;&lt;/Concept&gt;&lt;Concept id=&quot;OBS_VALUE&quot; agencyID=&quot;ABS&quot;&gt;&lt;Name xml:lang=&quot;en&quot;&gt;Observation Value&lt;/Name&gt;&lt;/Concept&gt;&lt;Concept id=&quot;TIME_FORMAT&quot; agencyID=&quot;ABS&quot;&gt;&lt;Name xml:lang=&quot;en&quot;&gt;Time Format&lt;/Name&gt;&lt;/Concept&gt;&lt;Concept id=&quot;OBS_STATUS&quot; agencyID=&quot;ABS&quot;&gt;&lt;Name xml:lang=&quot;en&quot;&gt;Observation Status&lt;/Name&gt;&lt;/Concept&gt;&lt;/message:Concepts&gt;&lt;message:KeyFamilies&gt;&lt;KeyFamily id=&quot;ABS_ACLD_LFSTATUS&quot; agencyID=&quot;ABS&quot;&gt;&lt;Name xml:lang=&quot;en&quot;&gt;Australian Census Longitudinal Dataset (ACLD): Labour force status, 2006-2011&lt;/Name&gt;&lt;Name xml:lang=&quot;fr&quot;&gt;Australian Census Longitudinal Dataset (ACLD): Labour force status, 2006-2011&lt;/Name&gt;&lt;Components&gt;&lt;Dimension codelist=&quot;CL_ABS_ACLD_LFSTATUS_SEX_ABS&quot; conceptRef=&quot;SEX_ABS&quot; /&gt;&lt;Dimension codelist=&quot;CL_ABS_ACLD_LFSTATUS_AGE&quot; conceptRef=&quot;AGE&quot; /&gt;&lt;Dimension codelist=&quot;CL_ABS_ACLD_LFSTATUS_ASGS_2011&quot; conceptRef=&quot;ASGS_2011&quot; /&gt;&lt;Dim
SELECT * FROM pg_catalog.pg_tables WHERE schemaname != &apos;pg_catalog&apos; AND schemaname != &apos;information_schema&apos; and schemaname like &apos;flow_ABS_ACLD_LFSTATUS&apos;;
Create Dataflow ABS_ACLD_LFSTATUS
create table if not exists &quot;flow_ABS_ACLD_LFSTATUS&quot; (&quot;SEX_ABS&quot; varchar(300),&quot;AGE&quot; varchar(300),&quot;ASGS_2011&quot; varchar(300),&quot;LF_2006&quot; varchar(300),&quot;LF_2011&quot; varchar(300),&quot;OBS_STATUS&quot; varchar(300),&quot;TIME_FORMAT&quot; varchar(300),&quot;OBS_VALUE&quot; double precision);
</system-out>
    <system-err>Mar. 19, 2020 9:22:58 PM org.apache.commons.dbcp2.PoolingDataSource &lt;init&gt;
WARNING: PoolableConnectionFactory not linked to pool. Calling setPool() to fix the configuration.
</system-err>
  </testcase>
</testsuite>